SF:/Volumes/Files_1/iron-beam/rust-conversion/rust/adapters/adapters_debugging/src/trace_nif.rs
FN:29,_RNvNtNtCs3GtyopD8KDX_18adapters_debugging9trace_nif5testss_26test_trace_nif_placeholder
FN:11,_RNvMNtCs3GtyopD8KDX_18adapters_debugging9trace_nifNtB2_8TraceNif6enable
FNDA:1,_RNvNtNtCs3GtyopD8KDX_18adapters_debugging9trace_nif5testss_26test_trace_nif_placeholder
FNDA:0,_RNvMNtCs3GtyopD8KDX_18adapters_debugging9trace_nifNtB2_8TraceNif6enable
FNF:2
FNH:1
DA:11,0
DA:13,0
DA:14,0
DA:29,1
DA:31,1
BRF:0
BRH:0
LF:5
LH:2
end_of_record
SF:/Volumes/Files_1/iron-beam/rust-conversion/rust/adapters/adapters_debugging/src/tracer.rs
FN:21,_RNvNtNtCs3GtyopD8KDX_18adapters_debugging6tracer5testss_11test_tracer
FN:11,_RNvMNtCs3GtyopD8KDX_18adapters_debugging6tracerNtB2_6Tracer3new
FNDA:1,_RNvNtNtCs3GtyopD8KDX_18adapters_debugging6tracer5testss_11test_tracer
FNDA:1,_RNvMNtCs3GtyopD8KDX_18adapters_debugging6tracerNtB2_6Tracer3new
FNF:2
FNH:2
DA:11,1
DA:12,1
DA:13,1
DA:21,1
DA:22,1
DA:23,1
BRF:0
BRH:0
LF:6
LH:6
end_of_record
SF:/Volumes/Files_1/iron-beam/rust-conversion/rust/adapters/adapters_distribution/src/external.rs
FN:44,_RNvNtNtCs998qHyq042x_21adapters_distribution8external5testss_30test_external_term_placeholder
FN:17,_RNvMNtCs998qHyq042x_21adapters_distribution8externalNtB2_12ExternalTerm6decode
FN:11,_RNvMNtCs998qHyq042x_21adapters_distribution8externalNtB2_12ExternalTerm6encode
FNDA:1,_RNvNtNtCs998qHyq042x_21adapters_distribution8external5testss_30test_external_term_placeholder
FNDA:0,_RNvMNtCs998qHyq042x_21adapters_distribution8externalNtB2_12ExternalTerm6decode
FNDA:0,_RNvMNtCs998qHyq042x_21adapters_distribution8externalNtB2_12ExternalTerm6encode
FNF:3
FNH:1
DA:11,0
DA:13,0
DA:14,0
DA:17,0
DA:19,0
DA:20,0
DA:44,1
DA:46,1
BRF:0
BRH:0
LF:8
LH:2
end_of_record
SF:/Volumes/Files_1/iron-beam/rust-conversion/rust/adapters/adapters_distribution/src/uds.rs
FN:15,_RNvMNtCs998qHyq042x_21adapters_distribution3udsNtB2_15UdsDistribution7connect
FN:46,_RNvNtNtCs998qHyq042x_21adapters_distribution3uds5testss_20test_uds_placeholder
FNDA:0,_RNvMNtCs998qHyq042x_21adapters_distribution3udsNtB2_15UdsDistribution7connect
FNDA:1,_RNvNtNtCs998qHyq042x_21adapters_distribution3uds5testss_20test_uds_placeholder
FNF:2
FNH:1
DA:15,0
DA:17,0
DA:18,0
DA:46,1
DA:48,1
BRF:0
BRH:0
LF:5
LH:2
end_of_record
SF:/Volumes/Files_1/iron-beam/rust-conversion/rust/adapters/adapters_drivers/src/inet.rs
FN:11,_RNvMNtCsdxP89zfRFVK_16adapters_drivers4inetNtB2_10InetDriver3new
FN:21,_RNvNtNtCsdxP89zfRFVK_16adapters_drivers4inet5testss_16test_inet_driver
FNDA:1,_RNvMNtCsdxP89zfRFVK_16adapters_drivers4inetNtB2_10InetDriver3new
FNDA:1,_RNvNtNtCsdxP89zfRFVK_16adapters_drivers4inet5testss_16test_inet_driver
FNF:2
FNH:2
DA:11,1
DA:12,1
DA:13,1
DA:21,1
DA:22,1
DA:23,1
BRF:0
BRH:0
LF:6
LH:6
end_of_record
SF:/Volumes/Files_1/iron-beam/rust-conversion/rust/adapters/adapters_drivers/src/ram_file.rs
FN:22,_RNvMNtCsdxP89zfRFVK_16adapters_drivers8ram_fileNtB2_13RamFileDriver11create_file
FN:15,_RNvMNtCsdxP89zfRFVK_16adapters_drivers8ram_fileNtB2_13RamFileDriver3new
FN:27,_RNvMNtCsdxP89zfRFVK_16adapters_drivers8ram_fileNtB2_13RamFileDriver9read_file
FN:37,_RNvNtNtCsdxP89zfRFVK_16adapters_drivers8ram_file5testss_20test_ram_file_driver
FN:28,_RNCNvMNtCsdxP89zfRFVK_16adapters_drivers8ram_fileNtB4_13RamFileDriver9read_file0B6_
FNDA:1,_RNvMNtCsdxP89zfRFVK_16adapters_drivers8ram_fileNtB2_13RamFileDriver11create_file
FNDA:1,_RNvMNtCsdxP89zfRFVK_16adapters_drivers8ram_fileNtB2_13RamFileDriver3new
FNDA:1,_RNvMNtCsdxP89zfRFVK_16adapters_drivers8ram_fileNtB2_13RamFileDriver9read_file
FNDA:1,_RNvNtNtCsdxP89zfRFVK_16adapters_drivers8ram_file5testss_20test_ram_file_driver
FNDA:1,_RNCNvMNtCsdxP89zfRFVK_16adapters_drivers8ram_fileNtB4_13RamFileDriver9read_file0B6_
FNF:5
FNH:5
DA:15,1
DA:16,1
DA:17,1
DA:18,1
DA:19,1
DA:22,1
DA:23,1
DA:24,1
DA:27,1
DA:28,1
DA:29,1
DA:37,1
DA:38,1
DA:39,1
DA:40,1
DA:41,1
BRF:0
BRH:0
LF:17
LH:17
end_of_record
SF:/Volumes/Files_1/iron-beam/rust-conversion/rust/adapters/adapters_ets_tables/src/ets_debug.rs
FN:10,_RNvMNtCsewok1jVOEON_19adapters_ets_tables9ets_debugNtB2_8EtsDebug5debug
FN:21,_RNvNtNtCsewok1jVOEON_19adapters_ets_tables9ets_debug5testss_14test_ets_debug
FNDA:1,_RNvMNtCsewok1jVOEON_19adapters_ets_tables9ets_debugNtB2_8EtsDebug5debug
FNDA:1,_RNvNtNtCsewok1jVOEON_19adapters_ets_tables9ets_debug5testss_14test_ets_debug
FNF:2
FNH:2
DA:10,1
DA:12,1
DA:13,1
DA:21,1
DA:22,1
DA:23,1
DA:24,1
BRF:0
BRH:0
LF:7
LH:7
end_of_record
SF:/Volumes/Files_1/iron-beam/rust-conversion/rust/adapters/adapters_io_operations/src/driver_io.rs
FN:27,_RNvNtNtCscYukiUZYbmD_22adapters_io_operations9driver_io5testss_26test_driver_io_placeholder
FN:11,_RNvMNtCscYukiUZYbmD_22adapters_io_operations9driver_ioNtB2_8DriverIo4open
FNDA:1,_RNvNtNtCscYukiUZYbmD_22adapters_io_operations9driver_io5testss_26test_driver_io_placeholder
FNDA:0,_RNvMNtCscYukiUZYbmD_22adapters_io_operations9driver_ioNtB2_8DriverIo4open
FNF:2
FNH:1
DA:11,0
DA:13,0
DA:14,0
DA:27,1
DA:29,1
BRF:0
BRH:0
LF:5
LH:2
end_of_record
SF:/Volumes/Files_1/iron-beam/rust-conversion/rust/adapters/adapters_io_operations/src/port_io.rs
FN:37,_RNvNtNtCscYukiUZYbmD_22adapters_io_operations7port_io5testss_24test_port_io_placeholder
FN:11,_RNvMNtCscYukiUZYbmD_22adapters_io_operations7port_ioNtB2_6PortIo4read
FN:17,_RNvMNtCscYukiUZYbmD_22adapters_io_operations7port_ioNtB2_6PortIo5write
FNDA:1,_RNvNtNtCscYukiUZYbmD_22adapters_io_operations7port_io5testss_24test_port_io_placeholder
FNDA:0,_RNvMNtCscYukiUZYbmD_22adapters_io_operations7port_ioNtB2_6PortIo4read
FNDA:0,_RNvMNtCscYukiUZYbmD_22adapters_io_operations7port_ioNtB2_6PortIo5write
FNF:3
FNH:1
DA:11,0
DA:13,0
DA:14,0
DA:17,0
DA:19,0
DA:20,0
DA:37,1
DA:39,1
BRF:0
BRH:0
LF:8
LH:2
end_of_record
SF:/Volumes/Files_1/iron-beam/rust-conversion/rust/adapters/adapters_nifs/src/buffer.rs
FN:11,_RNvMNtCshXanomSZofS_13adapters_nifs6bufferNtB2_9BufferNif3new
FN:24,_RNvMs_NtCshXanomSZofS_13adapters_nifs6bufferNtB4_6Buffer4data
FN:45,_RNvNtNtCshXanomSZofS_13adapters_nifs6buffer5testss_27test_buffer_nif_placeholder
FNDA:0,_RNvMNtCshXanomSZofS_13adapters_nifs6bufferNtB2_9BufferNif3new
FNDA:0,_RNvMs_NtCshXanomSZofS_13adapters_nifs6bufferNtB4_6Buffer4data
FNDA:1,_RNvNtNtCshXanomSZofS_13adapters_nifs6buffer5testss_27test_buffer_nif_placeholder
FNF:3
FNH:1
DA:11,0
DA:13,0
DA:14,0
DA:24,0
DA:25,0
DA:26,0
DA:45,1
DA:47,1
BRF:0
BRH:0
LF:8
LH:2
end_of_record
SF:/Volumes/Files_1/iron-beam/rust-conversion/rust/adapters/adapters_nifs/src/file.rs
FN:36,_RNvMs_NtCshXanomSZofS_13adapters_nifs4fileNtB4_10FileHandle4read
FN:41,_RNvMs_NtCshXanomSZofS_13adapters_nifs4fileNtB4_10FileHandle5write
FN:56,_RNvNtNtCshXanomSZofS_13adapters_nifs4file5testss_13test_file_nif
FN:15,_RINvMNtCshXanomSZofS_13adapters_nifs4fileNtB3_7FileNif4openRNtNtCsfE6eI1iGeYh_3std4path7PathBufEB5_
FN:22,_RINvMNtCshXanomSZofS_13adapters_nifs4fileNtB3_7FileNif6createRNtNtCsfE6eI1iGeYh_3std4path7PathBufEB5_
FN:17,_RNCINvMNtCshXanomSZofS_13adapters_nifs4fileNtB5_7FileNif4openRNtNtCsfE6eI1iGeYh_3std4path7PathBufE0B7_
FN:24,_RNCINvMNtCshXanomSZofS_13adapters_nifs4fileNtB5_7FileNif6createRNtNtCsfE6eI1iGeYh_3std4path7PathBufE0B7_
FNDA:1,_RNvMs_NtCshXanomSZofS_13adapters_nifs4fileNtB4_10FileHandle4read
FNDA:1,_RNvMs_NtCshXanomSZofS_13adapters_nifs4fileNtB4_10FileHandle5write
FNDA:1,_RNvNtNtCshXanomSZofS_13adapters_nifs4file5testss_13test_file_nif
FNDA:1,_RINvMNtCshXanomSZofS_13adapters_nifs4fileNtB3_7FileNif4openRNtNtCsfE6eI1iGeYh_3std4path7PathBufEB5_
FNDA:1,_RINvMNtCshXanomSZofS_13adapters_nifs4fileNtB3_7FileNif6createRNtNtCsfE6eI1iGeYh_3std4path7PathBufEB5_
FNDA:1,_RNCINvMNtCshXanomSZofS_13adapters_nifs4fileNtB5_7FileNif4openRNtNtCsfE6eI1iGeYh_3std4path7PathBufE0B7_
FNDA:1,_RNCINvMNtCshXanomSZofS_13adapters_nifs4fileNtB5_7FileNif6createRNtNtCsfE6eI1iGeYh_3std4path7PathBufE0B7_
FNF:7
FNH:7
DA:15,1
DA:16,1
DA:17,1
DA:18,1
DA:19,1
DA:22,1
DA:23,1
DA:24,1
DA:25,1
DA:26,1
DA:36,1
DA:37,1
DA:38,1
DA:41,1
DA:42,1
DA:43,1
DA:56,1
DA:57,1
DA:58,1
DA:61,1
DA:62,1
DA:65,1
DA:66,1
DA:67,1
DA:68,1
DA:71,1
DA:72,1
BRF:0
BRH:0
LF:29
LH:29
end_of_record
SF:/Volumes/Files_1/iron-beam/rust-conversion/rust/adapters/adapters_nifs/src/nif_common.rs
FN:10,_RNvMNtCshXanomSZofS_13adapters_nifs10nif_commonNtB2_6NifEnv3new
FN:20,_RNvNtNtCshXanomSZofS_13adapters_nifs10nif_common5testss_12test_nif_env
FNDA:1,_RNvMNtCshXanomSZofS_13adapters_nifs10nif_commonNtB2_6NifEnv3new
FNDA:1,_RNvNtNtCshXanomSZofS_13adapters_nifs10nif_common5testss_12test_nif_env
FNF:2
FNH:2
DA:10,1
DA:11,1
DA:12,1
DA:20,1
DA:21,1
DA:22,1
BRF:0
BRH:0
LF:6
LH:6
end_of_record
SF:/Volumes/Files_1/iron-beam/rust-conversion/rust/adapters/adapters_system_integration_common/src/check_io.rs
FN:11,_RNvMNtCs57LrTmjmjA_34adapters_system_integration_common8check_ioNtB2_7CheckIo5check
FN:29,_RNvNtNtCs57LrTmjmjA_34adapters_system_integration_common8check_io5testss_25test_check_io_placeholder
FNDA:0,_RNvMNtCs57LrTmjmjA_34adapters_system_integration_common8check_ioNtB2_7CheckIo5check
FNDA:1,_RNvNtNtCs57LrTmjmjA_34adapters_system_integration_common8check_io5testss_25test_check_io_placeholder
FNF:2
FNH:1
DA:11,0
DA:13,0
DA:14,0
DA:29,1
DA:31,1
BRF:0
BRH:0
LF:5
LH:2
end_of_record
SF:/Volumes/Files_1/iron-beam/rust-conversion/rust/adapters/adapters_system_integration_unix/src/sys_drivers.rs
FN:11,_RNvMNtCshEwODibJWxk_32adapters_system_integration_unix11sys_driversNtB2_10SysDrivers4init
FN:30,_RNvNtNtCshEwODibJWxk_32adapters_system_integration_unix11sys_drivers5testss_16test_sys_drivers
FNDA:1,_RNvMNtCshEwODibJWxk_32adapters_system_integration_unix11sys_driversNtB2_10SysDrivers4init
FNDA:1,_RNvNtNtCshEwODibJWxk_32adapters_system_integration_unix11sys_drivers5testss_16test_sys_drivers
FNF:2
FNH:2
DA:11,1
DA:13,1
DA:14,1
DA:30,1
DA:31,1
DA:32,1
DA:33,1
BRF:0
BRH:0
LF:7
LH:7
end_of_record
SF:/Volumes/Files_1/iron-beam/rust-conversion/rust/adapters/adapters_time_management/src/timer.rs
FN:16,_RNvMNtCsajvogitQ4Iz_24adapters_time_management5timerNtB2_5Timer3new
FN:24,_RNvMNtCsajvogitQ4Iz_24adapters_time_management5timerNtB2_5Timer7expired
FN:29,_RNvMNtCsajvogitQ4Iz_24adapters_time_management5timerNtB2_5Timer9remaining
FN:44,_RNvNtNtCsajvogitQ4Iz_24adapters_time_management5timer5testss_10test_timer
FNDA:1,_RNvMNtCsajvogitQ4Iz_24adapters_time_management5timerNtB2_5Timer3new
FNDA:1,_RNvMNtCsajvogitQ4Iz_24adapters_time_management5timerNtB2_5Timer7expired
FNDA:1,_RNvMNtCsajvogitQ4Iz_24adapters_time_management5timerNtB2_5Timer9remaining
FNDA:1,_RNvNtNtCsajvogitQ4Iz_24adapters_time_management5timer5testss_10test_timer
FNF:4
FNH:4
DA:16,1
DA:17,1
DA:18,1
DA:19,1
DA:20,1
DA:21,1
DA:24,1
DA:25,1
DA:26,1
DA:29,1
DA:30,1
DA:31,1
DA:32,0
DA:34,1
DA:36,1
DA:44,1
DA:45,1
DA:46,1
DA:47,1
DA:48,1
BRF:0
BRH:0
LF:20
LH:19
end_of_record
SF:/Volumes/Files_1/iron-beam/rust-conversion/rust/adapters/adapters_time_management/src/timeslice.rs
FN:13,_RNvMNtCsajvogitQ4Iz_24adapters_time_management9timesliceNtB2_9TimeSlice3new
FN:20,_RNvMNtCsajvogitQ4Iz_24adapters_time_management9timesliceNtB2_9TimeSlice7consume
FN:29,_RNvMNtCsajvogitQ4Iz_24adapters_time_management9timesliceNtB2_9TimeSlice9remaining
FN:39,_RNvNtNtCsajvogitQ4Iz_24adapters_time_management9timeslice5testss_14test_timeslice
FNDA:1,_RNvMNtCsajvogitQ4Iz_24adapters_time_management9timesliceNtB2_9TimeSlice3new
FNDA:1,_RNvMNtCsajvogitQ4Iz_24adapters_time_management9timesliceNtB2_9TimeSlice7consume
FNDA:2,_RNvMNtCsajvogitQ4Iz_24adapters_time_management9timesliceNtB2_9TimeSlice9remaining
FNDA:1,_RNvNtNtCsajvogitQ4Iz_24adapters_time_management9timeslice5testss_14test_timeslice
FNF:4
FNH:4
DA:13,1
DA:14,1
DA:15,1
DA:16,1
DA:17,1
DA:20,1
DA:21,1
DA:22,0
DA:23,1
DA:24,1
DA:25,1
DA:26,1
DA:29,2
DA:30,2
DA:31,2
DA:39,1
DA:40,1
DA:41,1
DA:42,1
DA:43,1
DA:44,1
BRF:0
BRH:0
LF:21
LH:20
end_of_record
SF:/Volumes/Files_1/iron-beam/rust-conversion/rust/api_facades/src/bif_facades.rs
FN:51,_RNvNtNtCscfqGyNEb7ET_11api_facades11bif_facades5testss_28test_bif_facades_placeholder
FN:34,bif_checksum_crc32
FN:23,bif_regex_compile
FNDA:1,_RNvNtNtCscfqGyNEb7ET_11api_facades11bif_facades5testss_28test_bif_facades_placeholder
FNDA:0,bif_checksum_crc32
FNDA:0,bif_regex_compile
FNF:3
FNH:1
DA:23,0
DA:24,0
DA:25,0
DA:26,0
DA:29,0
DA:30,0
DA:34,0
DA:35,0
DA:36,0
DA:37,0
DA:40,0
DA:41,0
DA:51,1
DA:53,1
BRF:0
BRH:0
LF:14
LH:2
end_of_record
SF:/Volumes/Files_1/iron-beam/rust-conversion/rust/api_facades/src/common_facades.rs
FN:30,_RNvNtNtCscfqGyNEb7ET_11api_facades14common_facades5testss_31test_common_facades_placeholder
FN:13,common_facade_function
FNDA:1,_RNvNtNtCscfqGyNEb7ET_11api_facades14common_facades5testss_31test_common_facades_placeholder
FNDA:0,common_facade_function
FNF:2
FNH:1
DA:13,0
DA:14,0
DA:15,0
DA:16,0
DA:19,0
DA:20,0
DA:30,1
DA:32,1
BRF:0
BRH:0
LF:8
LH:2
end_of_record
SF:/Volumes/Files_1/iron-beam/rust-conversion/rust/api_facades/src/driver_facades.rs
FN:13,driver_init
FN:21,driver_start
FN:28,driver_stop
FN:41,_RNvNtNtCscfqGyNEb7ET_11api_facades14driver_facades5testss_31test_driver_facades_placeholder
FNDA:0,driver_init
FNDA:0,driver_start
FNDA:0,driver_stop
FNDA:1,_RNvNtNtCscfqGyNEb7ET_11api_facades14driver_facades5testss_31test_driver_facades_placeholder
FNF:4
FNH:1
DA:13,0
DA:16,0
DA:17,0
DA:21,0
DA:23,0
DA:24,0
DA:28,0
DA:30,0
DA:31,0
DA:41,1
DA:43,1
BRF:0
BRH:0
LF:11
LH:2
end_of_record
SF:/Volumes/Files_1/iron-beam/rust-conversion/rust/api_facades/src/nif_facades.rs
FN:44,_RNvNtNtCscfqGyNEb7ET_11api_facades11nif_facades5testss_28test_nif_facades_placeholder
FN:16,nif_load
FN:28,nif_unload
FNDA:1,_RNvNtNtCscfqGyNEb7ET_11api_facades11nif_facades5testss_28test_nif_facades_placeholder
FNDA:0,nif_load
FNDA:0,nif_unload
FNF:3
FNH:1
DA:16,0
DA:17,0
DA:18,0
DA:19,0
DA:20,0
DA:23,0
DA:24,0
DA:28,0
DA:29,0
DA:30,0
DA:31,0
DA:33,0
DA:34,0
DA:44,1
DA:47,1
BRF:0
BRH:0
LF:15
LH:2
end_of_record
SF:/Volumes/Files_1/iron-beam/rust-conversion/rust/code_management/code_management_code_loading/src/code_loader.rs
FN:20,_RINvMNtCskKS2THUrLBv_28code_management_code_loading11code_loaderNtB3_10CodeLoader11load_moduleRNtNtCsfE6eI1iGeYh_3std4path7PathBufEB5_
FN:31,_RNvMNtCskKS2THUrLBv_28code_management_code_loading11code_loaderNtB2_10CodeLoader13verify_module
FN:54,_RNvNtNtCskKS2THUrLBv_28code_management_code_loading11code_loader5testss_16test_code_loader
FNDA:1,_RINvMNtCskKS2THUrLBv_28code_management_code_loading11code_loaderNtB3_10CodeLoader11load_moduleRNtNtCsfE6eI1iGeYh_3std4path7PathBufEB5_
FNDA:1,_RNvMNtCskKS2THUrLBv_28code_management_code_loading11code_loaderNtB2_10CodeLoader13verify_module
FNDA:1,_RNvNtNtCskKS2THUrLBv_28code_management_code_loading11code_loader5testss_16test_code_loader
FNF:3
FNH:3
DA:20,1
DA:21,1
DA:22,1
DA:31,1
DA:33,1
DA:34,1
DA:54,1
DA:55,1
DA:56,1
DA:58,1
DA:59,1
DA:60,1
DA:62,1
DA:63,1
BRF:0
BRH:0
LF:14
LH:14
end_of_record
SF:/Volumes/Files_1/iron-beam/rust-conversion/rust/code_management/code_management_code_loading/src/code_save_restore.rs
FN:32,_RINvMNtCskKS2THUrLBv_28code_management_code_loading17code_save_restoreNtB3_15CodeSaveRestore12restore_codeRNtNtCsfE6eI1iGeYh_3std4path7PathBufEB5_
FN:21,_RINvMNtCskKS2THUrLBv_28code_management_code_loading17code_save_restoreNtB3_15CodeSaveRestore9save_codeRNtNtCsfE6eI1iGeYh_3std4path7PathBufEB5_
FN:57,_RNvNtNtCskKS2THUrLBv_28code_management_code_loading17code_save_restore5testss_22test_code_save_restore
FNDA:1,_RINvMNtCskKS2THUrLBv_28code_management_code_loading17code_save_restoreNtB3_15CodeSaveRestore12restore_codeRNtNtCsfE6eI1iGeYh_3std4path7PathBufEB5_
FNDA:1,_RINvMNtCskKS2THUrLBv_28code_management_code_loading17code_save_restoreNtB3_15CodeSaveRestore9save_codeRNtNtCsfE6eI1iGeYh_3std4path7PathBufEB5_
FNDA:1,_RNvNtNtCskKS2THUrLBv_28code_management_code_loading17code_save_restore5testss_22test_code_save_restore
FNF:3
FNH:3
DA:21,1
DA:22,1
DA:23,1
DA:32,1
DA:33,1
DA:34,1
DA:57,1
DA:58,1
DA:59,1
DA:60,1
DA:62,1
DA:63,1
DA:64,1
DA:66,1
DA:67,1
BRF:0
BRH:0
LF:15
LH:15
end_of_record
SF:/Volumes/Files_1/iron-beam/rust-conversion/rust/code_management/code_management_code_loading/src/unicode.rs
FN:47,_RNvNtNtCskKS2THUrLBv_28code_management_code_loading7unicode5testss_20test_unicode_handler
FN:30,_RNCNvMNtCskKS2THUrLBv_28code_management_code_loading7unicodeNtB4_14UnicodeHandler14to_utf8_string0B6_
FN:17,_RNvMNtCskKS2THUrLBv_28code_management_code_loading7unicodeNtB2_14UnicodeHandler13validate_utf8
FN:28,_RNvMNtCskKS2THUrLBv_28code_management_code_loading7unicodeNtB2_14UnicodeHandler14to_utf8_string
FNDA:1,_RNvNtNtCskKS2THUrLBv_28code_management_code_loading7unicode5testss_20test_unicode_handler
FNDA:1,_RNCNvMNtCskKS2THUrLBv_28code_management_code_loading7unicodeNtB4_14UnicodeHandler14to_utf8_string0B6_
FNDA:2,_RNvMNtCskKS2THUrLBv_28code_management_code_loading7unicodeNtB2_14UnicodeHandler13validate_utf8
FNDA:1,_RNvMNtCskKS2THUrLBv_28code_management_code_loading7unicodeNtB2_14UnicodeHandler14to_utf8_string
FNF:4
FNH:4
DA:17,2
DA:18,2
DA:19,2
DA:28,1
DA:29,1
DA:30,1
DA:31,1
DA:32,1
DA:47,1
DA:48,1
DA:49,1
DA:50,1
DA:52,1
DA:53,1
DA:54,1
BRF:0
BRH:0
LF:16
LH:16
end_of_record
SF:/Volumes/Files_1/iron-beam/rust-conversion/rust/entities/entities_data_handling/src/atom.rs
FN:163,_RNvMNtCscP3qNAM1zpZ_22entities_data_handling4atomNtB2_9AtomTable18validate_atom_name
FN:140,_RNvMNtCscP3qNAM1zpZ_22entities_data_handling4atomNtB2_9AtomTable3get
FN:77,_RNvMNtCscP3qNAM1zpZ_22entities_data_handling4atomNtB2_9AtomTable3new
FN:159,_RNvMNtCscP3qNAM1zpZ_22entities_data_handling4atomNtB2_9AtomTable4size
FN:153,_RNvMNtCscP3qNAM1zpZ_22entities_data_handling4atomNtB2_9AtomTable8get_name
FN:95,_RNvMNtCscP3qNAM1zpZ_22entities_data_handling4atomNtB2_9AtomTable9put_index
FN:227,_RNvNtCscP3qNAM1zpZ_22entities_data_handling4atom13validate_utf8
FN:212,_RNvNtCscP3qNAM1zpZ_22entities_data_handling4atom14latin1_to_utf8
FN:583,_RNvNtNtCscP3qNAM1zpZ_22entities_data_handling4atom5testss_15test_table_full
FN:372,_RNvNtNtCscP3qNAM1zpZ_22entities_data_handling4atom5testss_17test_atom_put_get
FN:395,_RNvNtNtCscP3qNAM1zpZ_22entities_data_handling4atom5testss_18test_atom_get_name
FN:382,_RNvNtNtCscP3qNAM1zpZ_22entities_data_handling4atom5testss_19test_atom_duplicate
FN:634,_RNvNtNtCscP3qNAM1zpZ_22entities_data_handling4atom5testss_20test_latin1_encoding
FN:654,_RNvNtNtCscP3qNAM1zpZ_22entities_data_handling4atom5testss_20test_latin1_too_long
FN:671,_RNvNtNtCscP3qNAM1zpZ_22entities_data_handling4atom5testss_20test_latin1_truncate
FN:366,_RNvNtNtCscP3qNAM1zpZ_22entities_data_handling4atom5testss_24test_atom_table_creation
FN:692,_RNvNtNtCscP3qNAM1zpZ_22entities_data_handling4atom5testss_25test_get_invalid_encoding
FN:792,_RNvNtNtCscP3qNAM1zpZ_22entities_data_handling4atom5testss_25test_index_to_name_resize
FN:405,_RNvNtNtCscP3qNAM1zpZ_22entities_data_handling4atom5testss_26test_utf8_validation_valid
FN:711,_RNvNtNtCscP3qNAM1zpZ_22entities_data_handling4atom5testss_27test_get_name_invalid_index
FN:617,_RNvNtNtCscP3qNAM1zpZ_22entities_data_handling4atom5testss_29test_seven_bit_ascii_too_long
FN:550,_RNvNtNtCscP3qNAM1zpZ_22entities_data_handling4atom5testss_29test_utf8_validation_truncate
FN:536,_RNvNtNtCscP3qNAM1zpZ_22entities_data_handling4atom5testss_31test_utf8_validation_byte_limit
FN:841,_RNvNtNtCscP3qNAM1zpZ_22entities_data_handling4atom5testss_31test_utf8_validation_edge_cases
FN:810,_RNvNtNtCscP3qNAM1zpZ_22entities_data_handling4atom5testss_32test_seven_bit_ascii_exact_limit
FN:824,_RNvNtNtCscP3qNAM1zpZ_22entities_data_handling4atom5testss_36test_latin1_mixed_ascii_and_extended
FN:520,_RNvNtNtCscP3qNAM1zpZ_22entities_data_handling4atom5testss_36test_utf8_validation_character_limit
FN:569,_RNvNtNtCscP3qNAM1zpZ_22entities_data_handling4atom5testss_36test_utf8_validation_mixed_sequences
FN:598,_RNvNtNtCscP3qNAM1zpZ_22entities_data_handling4atom5testss_37test_seven_bit_ascii_invalid_encoding
FN:425,_RNvNtNtCscP3qNAM1zpZ_22entities_data_handling4atom5testss_37test_utf8_validation_invalid_overlong
FN:489,_RNvNtNtCscP3qNAM1zpZ_22entities_data_handling4atom5testss_38test_utf8_validation_invalid_surrogate
FN:451,_RNvNtNtCscP3qNAM1zpZ_22entities_data_handling4atom5testss_39test_utf8_validation_invalid_incomplete
FN:868,_RNvNtNtCscP3qNAM1zpZ_22entities_data_handling4atom5testss_39test_utf8_validation_invalid_start_byte
FN:729,_RNvNtNtCscP3qNAM1zpZ_22entities_data_handling4atom5testss_40test_utf8_validation_byte_limit_truncate
FN:477,_RNvNtNtCscP3qNAM1zpZ_22entities_data_handling4atom5testss_41test_utf8_validation_invalid_continuation
FN:501,_RNvNtNtCscP3qNAM1zpZ_22entities_data_handling4atom5testss_41test_utf8_validation_invalid_out_of_range
FN:751,_RNvNtNtCscP3qNAM1zpZ_22entities_data_handling4atom5testss_48test_utf8_validation_character_limit_at_boundary
FN:771,_RNvNtNtCscP3qNAM1zpZ_22entities_data_handling4atom5testss_51test_utf8_validation_truncate_at_character_boundary
FN:163,_RNvMNtCsiKXMdk2HZ3W_22entities_data_handling4atomNtB2_9AtomTable18validate_atom_name
FN:140,_RNvMNtCsiKXMdk2HZ3W_22entities_data_handling4atomNtB2_9AtomTable3get
FN:77,_RNvMNtCsiKXMdk2HZ3W_22entities_data_handling4atomNtB2_9AtomTable3new
FN:159,_RNvMNtCsiKXMdk2HZ3W_22entities_data_handling4atomNtB2_9AtomTable4size
FN:153,_RNvMNtCsiKXMdk2HZ3W_22entities_data_handling4atomNtB2_9AtomTable8get_name
FN:95,_RNvMNtCsiKXMdk2HZ3W_22entities_data_handling4atomNtB2_9AtomTable9put_index
FN:227,_RNvNtCsiKXMdk2HZ3W_22entities_data_handling4atom13validate_utf8
FN:212,_RNvNtCsiKXMdk2HZ3W_22entities_data_handling4atom14latin1_to_utf8
FNDA:65,_RNvMNtCscP3qNAM1zpZ_22entities_data_handling4atomNtB2_9AtomTable18validate_atom_name
FNDA:6,_RNvMNtCscP3qNAM1zpZ_22entities_data_handling4atomNtB2_9AtomTable3get
FNDA:30,_RNvMNtCscP3qNAM1zpZ_22entities_data_handling4atomNtB2_9AtomTable3new
FNDA:1,_RNvMNtCscP3qNAM1zpZ_22entities_data_handling4atomNtB2_9AtomTable4size
FNDA:13,_RNvMNtCscP3qNAM1zpZ_22entities_data_handling4atomNtB2_9AtomTable8get_name
FNDA:59,_RNvMNtCscP3qNAM1zpZ_22entities_data_handling4atomNtB2_9AtomTable9put_index
FNDA:37,_RNvNtCscP3qNAM1zpZ_22entities_data_handling4atom13validate_utf8
FNDA:9,_RNvNtCscP3qNAM1zpZ_22entities_data_handling4atom14latin1_to_utf8
FNDA:1,_RNvNtNtCscP3qNAM1zpZ_22entities_data_handling4atom5testss_15test_table_full
FNDA:1,_RNvNtNtCscP3qNAM1zpZ_22entities_data_handling4atom5testss_17test_atom_put_get
FNDA:1,_RNvNtNtCscP3qNAM1zpZ_22entities_data_handling4atom5testss_18test_atom_get_name
FNDA:1,_RNvNtNtCscP3qNAM1zpZ_22entities_data_handling4atom5testss_19test_atom_duplicate
FNDA:1,_RNvNtNtCscP3qNAM1zpZ_22entities_data_handling4atom5testss_20test_latin1_encoding
FNDA:1,_RNvNtNtCscP3qNAM1zpZ_22entities_data_handling4atom5testss_20test_latin1_too_long
FNDA:1,_RNvNtNtCscP3qNAM1zpZ_22entities_data_handling4atom5testss_20test_latin1_truncate
FNDA:1,_RNvNtNtCscP3qNAM1zpZ_22entities_data_handling4atom5testss_24test_atom_table_creation
FNDA:1,_RNvNtNtCscP3qNAM1zpZ_22entities_data_handling4atom5testss_25test_get_invalid_encoding
FNDA:1,_RNvNtNtCscP3qNAM1zpZ_22entities_data_handling4atom5testss_25test_index_to_name_resize
FNDA:1,_RNvNtNtCscP3qNAM1zpZ_22entities_data_handling4atom5testss_26test_utf8_validation_valid
FNDA:1,_RNvNtNtCscP3qNAM1zpZ_22entities_data_handling4atom5testss_27test_get_name_invalid_index
FNDA:1,_RNvNtNtCscP3qNAM1zpZ_22entities_data_handling4atom5testss_29test_seven_bit_ascii_too_long
FNDA:1,_RNvNtNtCscP3qNAM1zpZ_22entities_data_handling4atom5testss_29test_utf8_validation_truncate
FNDA:1,_RNvNtNtCscP3qNAM1zpZ_22entities_data_handling4atom5testss_31test_utf8_validation_byte_limit
FNDA:1,_RNvNtNtCscP3qNAM1zpZ_22entities_data_handling4atom5testss_31test_utf8_validation_edge_cases
FNDA:1,_RNvNtNtCscP3qNAM1zpZ_22entities_data_handling4atom5testss_32test_seven_bit_ascii_exact_limit
FNDA:1,_RNvNtNtCscP3qNAM1zpZ_22entities_data_handling4atom5testss_36test_latin1_mixed_ascii_and_extended
FNDA:1,_RNvNtNtCscP3qNAM1zpZ_22entities_data_handling4atom5testss_36test_utf8_validation_character_limit
FNDA:1,_RNvNtNtCscP3qNAM1zpZ_22entities_data_handling4atom5testss_36test_utf8_validation_mixed_sequences
FNDA:1,_RNvNtNtCscP3qNAM1zpZ_22entities_data_handling4atom5testss_37test_seven_bit_ascii_invalid_encoding
FNDA:1,_RNvNtNtCscP3qNAM1zpZ_22entities_data_handling4atom5testss_37test_utf8_validation_invalid_overlong
FNDA:1,_RNvNtNtCscP3qNAM1zpZ_22entities_data_handling4atom5testss_38test_utf8_validation_invalid_surrogate
FNDA:1,_RNvNtNtCscP3qNAM1zpZ_22entities_data_handling4atom5testss_39test_utf8_validation_invalid_incomplete
FNDA:1,_RNvNtNtCscP3qNAM1zpZ_22entities_data_handling4atom5testss_39test_utf8_validation_invalid_start_byte
FNDA:1,_RNvNtNtCscP3qNAM1zpZ_22entities_data_handling4atom5testss_40test_utf8_validation_byte_limit_truncate
FNDA:1,_RNvNtNtCscP3qNAM1zpZ_22entities_data_handling4atom5testss_41test_utf8_validation_invalid_continuation
FNDA:1,_RNvNtNtCscP3qNAM1zpZ_22entities_data_handling4atom5testss_41test_utf8_validation_invalid_out_of_range
FNDA:1,_RNvNtNtCscP3qNAM1zpZ_22entities_data_handling4atom5testss_48test_utf8_validation_character_limit_at_boundary
FNDA:1,_RNvNtNtCscP3qNAM1zpZ_22entities_data_handling4atom5testss_51test_utf8_validation_truncate_at_character_boundary
FNDA:20,_RNvMNtCsiKXMdk2HZ3W_22entities_data_handling4atomNtB2_9AtomTable18validate_atom_name
FNDA:5,_RNvMNtCsiKXMdk2HZ3W_22entities_data_handling4atomNtB2_9AtomTable3get
FNDA:4,_RNvMNtCsiKXMdk2HZ3W_22entities_data_handling4atomNtB2_9AtomTable3new
FNDA:0,_RNvMNtCsiKXMdk2HZ3W_22entities_data_handling4atomNtB2_9AtomTable4size
FNDA:4,_RNvMNtCsiKXMdk2HZ3W_22entities_data_handling4atomNtB2_9AtomTable8get_name
FNDA:15,_RNvMNtCsiKXMdk2HZ3W_22entities_data_handling4atomNtB2_9AtomTable9put_index
FNDA:2,_RNvNtCsiKXMdk2HZ3W_22entities_data_handling4atom13validate_utf8
FNDA:0,_RNvNtCsiKXMdk2HZ3W_22entities_data_handling4atom14latin1_to_utf8
FNF:38
FNH:38
DA:77,34
DA:78,34
DA:79,34
DA:80,34
DA:81,34
DA:82,34
DA:83,34
DA:84,34
DA:95,74
DA:96,74
DA:97,74
DA:98,74
DA:99,74
DA:100,74
DA:102,74
DA:106,52
DA:107,52
DA:108,5
DA:109,47
DA:113,47
DA:114,47
DA:115,47
DA:117,47
DA:118,2
DA:119,45
DA:121,45
DA:122,45
DA:123,45
DA:124,45
DA:125,45
DA:126,45
DA:127,45
DA:129,45
DA:130,74
DA:140,11
DA:141,11
DA:142,9
DA:143,9
DA:144,11
DA:153,17
DA:154,17
DA:155,17
DA:156,17
DA:159,1
DA:160,1
DA:161,1
DA:163,85
DA:164,85
DA:165,85
DA:166,85
DA:167,85
DA:168,85
DA:169,85
DA:172,1245
DA:173,1212
DA:174,3
DA:175,1209
DA:177,33
DA:178,33
DA:179,1
DA:180,32
DA:181,32
DA:184,10
DA:185,10
DA:186,1
DA:187,9
DA:189,9
DA:190,9
DA:194,39
DA:195,20
DA:198,85
DA:212,9
DA:215,9
DA:216,808
DA:217,799
DA:218,26
DA:219,773
DA:220,773
DA:221,773
DA:222,773
DA:224,9
DA:225,9
DA:227,39
DA:230,39
DA:231,39
DA:232,39
DA:234,2636
DA:236,2619
DA:237,0
DA:238,0
DA:239,0
DA:240,0
DA:241,2619
DA:244,2619
DA:245,7
DA:246,4
DA:247,3
DA:248,3
DA:249,2612
DA:251,2612
DA:254,2612
DA:255,1052
DA:256,1052
DA:257,1052
DA:258,1052
DA:260,1560
DA:261,520
DA:262,1
DA:263,519
DA:265,519
DA:268,519
DA:269,1
DA:270,518
DA:274,518
DA:275,2
DA:276,516
DA:278,516
DA:279,516
DA:280,516
DA:281,516
DA:284,1040
DA:285,262
DA:286,1
DA:287,261
DA:289,261
DA:290,261
DA:293,261
DA:294,0
DA:295,261
DA:298,261
DA:299,1
DA:300,260
DA:304,260
DA:305,1
DA:306,259
DA:308,259
DA:309,259
DA:310,259
DA:311,259
DA:312,259
DA:315,778
DA:316,774
DA:317,1
DA:318,773
DA:320,773
DA:321,773
DA:322,773
DA:325,773
DA:326,0
DA:327,773
DA:330,773
DA:331,1
DA:332,772
DA:338,772
DA:339,2
DA:340,770
DA:342,770
DA:343,770
DA:344,770
DA:345,770
DA:346,770
DA:347,770
DA:351,4
DA:357,20
DA:358,20
DA:359,39
DA:366,1
DA:367,1
DA:368,1
DA:369,1
DA:372,1
DA:373,1
DA:374,1
DA:375,1
DA:376,1
DA:377,1
DA:378,1
DA:379,1
DA:382,1
DA:383,1
DA:384,1
DA:385,1
DA:386,1
DA:387,1
DA:388,1
DA:389,1
DA:390,1
DA:391,1
DA:392,1
DA:395,1
DA:396,1
DA:397,1
DA:398,1
DA:399,1
DA:400,1
DA:401,1
DA:402,1
DA:405,1
DA:406,1
DA:409,1
DA:412,1
DA:413,1
DA:416,1
DA:417,1
DA:420,1
DA:421,1
DA:422,1
DA:425,1
DA:426,1
DA:429,1
DA:430,1
DA:431,1
DA:436,1
DA:437,1
DA:438,1
DA:443,1
DA:444,1
DA:445,1
DA:448,1
DA:451,1
DA:452,1
DA:455,1
DA:456,1
DA:457,1
DA:462,1
DA:463,1
DA:464,1
DA:469,1
DA:470,1
DA:471,1
DA:474,1
DA:477,1
DA:478,1
DA:481,1
DA:482,1
DA:483,1
DA:486,1
DA:489,1
DA:490,1
DA:493,1
DA:494,1
DA:495,1
DA:498,1
DA:501,1
DA:502,1
DA:505,1
DA:506,1
DA:507,1
DA:512,1
DA:513,1
DA:514,1
DA:517,1
DA:520,1
DA:521,1
DA:524,1
DA:525,1
DA:528,1
DA:529,1
DA:530,1
DA:533,1
DA:536,1
DA:537,1
DA:541,1
DA:542,256
DA:543,255
DA:544,255
DA:545,1
DA:546,1
DA:547,1
DA:550,1
DA:551,1
DA:554,1
DA:557,1
DA:558,1
DA:564,1
DA:565,1
DA:566,1
DA:569,1
DA:570,1
DA:573,1
DA:574,1
DA:577,1
DA:578,1
DA:579,1
DA:580,1
DA:583,1
DA:584,1
DA:587,1
DA:588,1
DA:591,1
DA:592,1
DA:595,1
DA:598,1
DA:599,1
DA:602,1
DA:603,1
DA:604,1
DA:609,1
DA:610,1
DA:611,1
DA:614,1
DA:617,1
DA:618,1
DA:621,1
DA:624,1
DA:625,1
DA:630,1
DA:631,1
DA:634,1
DA:635,1
DA:638,1
DA:639,1
DA:640,1
DA:643,1
DA:644,1
DA:645,1
DA:648,1
DA:650,1
DA:651,1
DA:654,1
DA:655,1
DA:658,1
DA:661,1
DA:662,1
DA:667,1
DA:668,1
DA:671,1
DA:672,1
DA:675,1
DA:676,1
DA:679,1
DA:680,1
DA:681,1
DA:684,1
DA:685,1
DA:688,1
DA:689,1
DA:692,1
DA:693,1
DA:696,1
DA:697,1
DA:698,1
DA:703,1
DA:704,1
DA:705,1
DA:708,1
DA:711,1
DA:712,1
DA:715,1
DA:718,1
DA:721,1
DA:722,1
DA:725,1
DA:726,1
DA:729,1
DA:730,1
DA:733,1
DA:735,266
DA:736,266
DA:737,266
DA:740,1
DA:741,1
DA:746,1
DA:747,1
DA:748,1
DA:751,1
DA:752,1
DA:755,1
DA:756,256
DA:757,255
DA:758,255
DA:759,1
DA:762,1
DA:763,1
DA:764,1
DA:765,1
DA:768,1
DA:771,1
DA:772,1
DA:775,1
DA:776,260
DA:777,260
DA:778,260
DA:781,1
DA:782,1
DA:785,1
DA:786,1
DA:788,1
DA:789,1
DA:792,1
DA:793,1
DA:797,1
DA:798,1
DA:801,1
DA:802,1
DA:805,1
DA:806,1
DA:807,1
DA:810,1
DA:811,1
DA:814,1
DA:815,1
DA:818,1
DA:819,1
DA:820,1
DA:821,1
DA:824,1
DA:825,1
DA:828,1
DA:829,1
DA:832,1
DA:835,1
DA:837,1
DA:838,1
DA:841,1
DA:842,1
DA:845,1
DA:848,1
DA:851,1
DA:852,1
DA:855,1
DA:856,1
DA:859,1
DA:860,1
DA:863,1
DA:864,1
DA:865,1
DA:868,1
DA:869,1
DA:872,1
DA:873,1
DA:874,1
DA:879,1
DA:880,1
DA:881,1
DA:886,1
DA:887,1
DA:888,1
DA:893,1
DA:894,1
DA:895,1
DA:898,1
BRF:0
BRH:0
LF:442
LH:436
end_of_record
SF:/Volumes/Files_1/iron-beam/rust-conversion/rust/entities/entities_data_handling/src/atomics.rs
FN:45,_RNvMNtCscP3qNAM1zpZ_22entities_data_handling7atomicsNtB2_16DoubleWordAtomic16compare_exchange
FN:38,_RNvMNtCscP3qNAM1zpZ_22entities_data_handling7atomicsNtB2_16DoubleWordAtomic3new
FN:56,_RNvMNtCscP3qNAM1zpZ_22entities_data_handling7atomicsNtB2_16DoubleWordAtomic4load
FN:61,_RNvMNtCscP3qNAM1zpZ_22entities_data_handling7atomicsNtB2_16DoubleWordAtomic5store
FN:68,_RNvNtCscP3qNAM1zpZ_22entities_data_handling7atomics21have_native_dw_atomic
FN:89,_RNvNtNtCscP3qNAM1zpZ_22entities_data_handling7atomics5testss_21test_compare_exchange
FN:142,_RNvNtNtCscP3qNAM1zpZ_22entities_data_handling7atomics5testss_22test_atomic_edge_cases
FN:106,_RNvNtNtCscP3qNAM1zpZ_22entities_data_handling7atomics5testss_24test_different_orderings
FN:81,_RNvNtNtCscP3qNAM1zpZ_22entities_data_handling7atomics5testss_25test_dw_atomic_operations
FN:124,_RNvNtNtCscP3qNAM1zpZ_22entities_data_handling7atomics5testss_26test_have_native_dw_atomic
FN:97,_RNvNtNtCscP3qNAM1zpZ_22entities_data_handling7atomics5testss_29test_compare_exchange_failure
FN:161,_RNvNtNtCscP3qNAM1zpZ_22entities_data_handling7atomics5testss_41test_multiple_compare_exchange_operations
FNDA:7,_RNvMNtCscP3qNAM1zpZ_22entities_data_handling7atomicsNtB2_16DoubleWordAtomic16compare_exchange
FNDA:6,_RNvMNtCscP3qNAM1zpZ_22entities_data_handling7atomicsNtB2_16DoubleWordAtomic3new
FNDA:13,_RNvMNtCscP3qNAM1zpZ_22entities_data_handling7atomicsNtB2_16DoubleWordAtomic4load
FNDA:5,_RNvMNtCscP3qNAM1zpZ_22entities_data_handling7atomicsNtB2_16DoubleWordAtomic5store
FNDA:3,_RNvNtCscP3qNAM1zpZ_22entities_data_handling7atomics21have_native_dw_atomic
FNDA:1,_RNvNtNtCscP3qNAM1zpZ_22entities_data_handling7atomics5testss_21test_compare_exchange
FNDA:1,_RNvNtNtCscP3qNAM1zpZ_22entities_data_handling7atomics5testss_22test_atomic_edge_cases
FNDA:1,_RNvNtNtCscP3qNAM1zpZ_22entities_data_handling7atomics5testss_24test_different_orderings
FNDA:1,_RNvNtNtCscP3qNAM1zpZ_22entities_data_handling7atomics5testss_25test_dw_atomic_operations
FNDA:1,_RNvNtNtCscP3qNAM1zpZ_22entities_data_handling7atomics5testss_26test_have_native_dw_atomic
FNDA:1,_RNvNtNtCscP3qNAM1zpZ_22entities_data_handling7atomics5testss_29test_compare_exchange_failure
FNDA:1,_RNvNtNtCscP3qNAM1zpZ_22entities_data_handling7atomics5testss_41test_multiple_compare_exchange_operations
FNF:12
FNH:12
DA:38,6
DA:39,6
DA:40,6
DA:41,6
DA:42,6
DA:45,7
DA:46,7
DA:47,7
DA:48,7
DA:49,7
DA:50,7
DA:51,7
DA:52,7
DA:53,7
DA:56,13
DA:57,13
DA:58,13
DA:61,5
DA:62,5
DA:63,5
DA:68,3
DA:71,3
DA:72,3
DA:73,3
DA:81,1
DA:82,1
DA:83,1
DA:84,1
DA:85,1
DA:86,1
DA:89,1
DA:90,1
DA:91,1
DA:92,1
DA:93,1
DA:94,1
DA:97,1
DA:98,1
DA:100,1
DA:101,1
DA:102,1
DA:103,1
DA:106,1
DA:107,1
DA:110,1
DA:111,1
DA:114,1
DA:115,1
DA:118,1
DA:119,1
DA:120,1
DA:121,1
DA:124,1
DA:126,1
DA:131,1
DA:133,1
DA:136,1
DA:137,1
DA:138,1
DA:139,1
DA:142,1
DA:143,1
DA:146,1
DA:147,1
DA:148,1
DA:151,1
DA:152,1
DA:155,1
DA:156,1
DA:157,1
DA:158,1
DA:161,1
DA:162,1
DA:165,1
DA:166,1
DA:167,1
DA:170,1
DA:171,1
DA:172,1
DA:175,1
DA:176,1
DA:177,1
DA:178,1
BRF:0
BRH:0
LF:83
LH:83
end_of_record
SF:/Volumes/Files_1/iron-beam/rust-conversion/rust/entities/entities_data_handling/src/binary.rs
FN:51,_RNvNtNtCscP3qNAM1zpZ_22entities_data_handling6binary5testss_20test_binary_creation
FN:36,_RNvMNtCscP3qNAM1zpZ_22entities_data_handling6binaryNtB2_6Binary3new
FN:41,_RNvMNtCscP3qNAM1zpZ_22entities_data_handling6binaryNtB2_6Binary4data
FNDA:1,_RNvNtNtCscP3qNAM1zpZ_22entities_data_handling6binary5testss_20test_binary_creation
FNDA:1,_RNvMNtCscP3qNAM1zpZ_22entities_data_handling6binaryNtB2_6Binary3new
FNDA:1,_RNvMNtCscP3qNAM1zpZ_22entities_data_handling6binaryNtB2_6Binary4data
FNF:3
FNH:3
DA:36,1
DA:37,1
DA:38,1
DA:41,1
DA:42,1
DA:43,1
DA:51,1
DA:52,1
DA:53,1
DA:54,1
DA:55,1
BRF:0
BRH:0
LF:11
LH:11
end_of_record
SF:/Volumes/Files_1/iron-beam/rust-conversion/rust/entities/entities_data_handling/src/bits.rs
FN:402,_RNvNtNtCscP3qNAM1zpZ_22entities_data_handling4bits5testss_10test_nbits
FN:392,_RNvNtNtCscP3qNAM1zpZ_22entities_data_handling4bits5testss_11test_nbytes
FN:447,_RNvNtNtCscP3qNAM1zpZ_22entities_data_handling4bits5testss_12test_get_bit
FN:471,_RNvNtNtCscP3qNAM1zpZ_22entities_data_handling4bits5testss_12test_set_bit
FN:428,_RNvNtNtCscP3qNAM1zpZ_22entities_data_handling4bits5testss_14test_make_mask
FN:438,_RNvNtNtCscP3qNAM1zpZ_22entities_data_handling4bits5testss_14test_mask_bits
FN:419,_RNvNtNtCscP3qNAM1zpZ_22entities_data_handling4bits5testss_15test_bit_offset
FN:410,_RNvNtNtCscP3qNAM1zpZ_22entities_data_handling4bits5testss_16test_byte_offset
FN:543,_RNvNtNtCscP3qNAM1zpZ_22entities_data_handling4bits5testss_19test_cmp_bits_equal
FN:874,_RNvNtNtCscP3qNAM1zpZ_22entities_data_handling4bits5testss_20test_make_mask_large
FN:551,_RNvNtNtCscP3qNAM1zpZ_22entities_data_handling4bits5testss_23test_cmp_bits_different
FN:560,_RNvNtNtCscP3qNAM1zpZ_22entities_data_handling4bits5testss_23test_cmp_bits_unaligned
FN:860,_RNvNtNtCscP3qNAM1zpZ_22entities_data_handling4bits5testss_25test_get_bit_out_of_range
FN:881,_RNvNtNtCscP3qNAM1zpZ_22entities_data_handling4bits5testss_25test_make_mask_exactly_64
FN:867,_RNvNtNtCscP3qNAM1zpZ_22entities_data_handling4bits5testss_25test_set_bit_out_of_range
FN:842,_RNvNtNtCscP3qNAM1zpZ_22entities_data_handling4bits5testss_28test_cmp_bits_large_sequence
FN:600,_RNvNtNtCscP3qNAM1zpZ_22entities_data_handling4bits5testss_28test_copy_bits_forward_empty
FN:815,_RNvNtNtCscP3qNAM1zpZ_22entities_data_handling4bits5testss_29test_cmp_bits_a_out_of_bounds
FN:824,_RNvNtNtCscP3qNAM1zpZ_22entities_data_handling4bits5testss_29test_cmp_bits_b_out_of_bounds
FN:482,_RNvNtNtCscP3qNAM1zpZ_22entities_data_handling4bits5testss_29test_copy_bits_forward_simple
FN:851,_RNvNtNtCscP3qNAM1zpZ_22entities_data_handling4bits5testss_30test_cmp_bits_different_at_end
FN:504,_RNvNtNtCscP3qNAM1zpZ_22entities_data_handling4bits5testss_30test_copy_bits_forward_aligned
FN:833,_RNvNtNtCscP3qNAM1zpZ_22entities_data_handling4bits5testss_32test_cmp_bits_both_out_of_bounds
FN:514,_RNvNtNtCscP3qNAM1zpZ_22entities_data_handling4bits5testss_32test_copy_bits_forward_unaligned
FN:573,_RNvNtNtCscP3qNAM1zpZ_22entities_data_handling4bits5testss_35test_copy_bits_forward_partial_byte
FN:888,_RNvNtNtCscP3qNAM1zpZ_22entities_data_handling4bits5testss_40test_copy_bits_forward_dst_bit_zero_path
FN:619,_RNvNtNtCscP3qNAM1zpZ_22entities_data_handling4bits5testss_40test_copy_bits_forward_dst_out_of_bounds
FN:609,_RNvNtNtCscP3qNAM1zpZ_22entities_data_handling4bits5testss_40test_copy_bits_forward_src_out_of_bounds
FN:653,_RNvNtNtCscP3qNAM1zpZ_22entities_data_handling4bits5testss_41test_copy_bits_forward_multi_byte_aligned
FN:629,_RNvNtNtCscP3qNAM1zpZ_22entities_data_handling4bits5testss_46test_copy_bits_forward_bits_span_two_bytes_src
FN:677,_RNvNtNtCscP3qNAM1zpZ_22entities_data_handling4bits5testss_47test_copy_bits_forward_multi_byte_unaligned_dst
FN:665,_RNvNtNtCscP3qNAM1zpZ_22entities_data_handling4bits5testss_47test_copy_bits_forward_multi_byte_unaligned_src
FN:689,_RNvNtNtCscP3qNAM1zpZ_22entities_data_handling4bits5testss_48test_copy_bits_forward_multi_byte_both_unaligned
FN:901,_RNvNtNtCscP3qNAM1zpZ_22entities_data_handling4bits5testss_50test_copy_bits_forward_dst_bit_zero_with_remaining
FN:757,_RNvNtNtCscP3qNAM1zpZ_22entities_data_handling4bits5testss_51test_copy_bits_forward_middle_bytes_src_bit_nonzero
FN:782,_RNvNtNtCscP3qNAM1zpZ_22entities_data_handling4bits5testss_53test_copy_bits_forward_last_byte_partial_src_bit_zero
FN:770,_RNvNtNtCscP3qNAM1zpZ_22entities_data_handling4bits5testss_53test_copy_bits_forward_middle_bytes_src_out_of_bounds
FN:735,_RNvNtNtCscP3qNAM1zpZ_22entities_data_handling4bits5testss_54test_copy_bits_forward_first_byte_partial_src_advances
FN:746,_RNvNtNtCscP3qNAM1zpZ_22entities_data_handling4bits5testss_56test_copy_bits_forward_first_byte_partial_src_no_advance
FN:793,_RNvNtNtCscP3qNAM1zpZ_22entities_data_handling4bits5testss_56test_copy_bits_forward_last_byte_partial_src_bit_nonzero
FN:804,_RNvNtNtCscP3qNAM1zpZ_22entities_data_handling4bits5testss_58test_copy_bits_forward_last_byte_partial_src_out_of_bounds
FN:641,_RNvNtNtCscP3qNAM1zpZ_22entities_data_handling4bits5testss_60test_copy_bits_forward_bits_span_two_bytes_src_out_of_bounds
FN:724,_RNvNtNtCscP3qNAM1zpZ_22entities_data_handling4bits5testss_64test_copy_bits_forward_first_byte_partial_src_bit_equals_dst_bit
FN:701,_RNvNtNtCscP3qNAM1zpZ_22entities_data_handling4bits5testss_67test_copy_bits_forward_first_byte_partial_src_bit_less_than_dst_bit
FN:713,_RNvNtNtCscP3qNAM1zpZ_22entities_data_handling4bits5testss_70test_copy_bits_forward_first_byte_partial_src_bit_greater_than_dst_bit
FN:83,_RNvNtCscP3qNAM1zpZ_22entities_data_handling4bits10bit_offset
FN:70,_RNvNtCscP3qNAM1zpZ_22entities_data_handling4bits11byte_offset
FN:173,_RNvNtCscP3qNAM1zpZ_22entities_data_handling4bits17copy_bits_forward
FN:57,_RNvNtCscP3qNAM1zpZ_22entities_data_handling4bits5nbits
FN:44,_RNvNtCscP3qNAM1zpZ_22entities_data_handling4bits6nbytes
FN:129,_RNvNtCscP3qNAM1zpZ_22entities_data_handling4bits7get_bit
FN:148,_RNvNtCscP3qNAM1zpZ_22entities_data_handling4bits7set_bit
FN:335,_RNvNtCscP3qNAM1zpZ_22entities_data_handling4bits8cmp_bits
FN:96,_RNvNtCscP3qNAM1zpZ_22entities_data_handling4bits9make_mask
FN:115,_RNvNtCscP3qNAM1zpZ_22entities_data_handling4bits9mask_bits
FN:83,_RNvNtCsiKXMdk2HZ3W_22entities_data_handling4bits10bit_offset
FN:70,_RNvNtCsiKXMdk2HZ3W_22entities_data_handling4bits11byte_offset
FN:173,_RNvNtCsiKXMdk2HZ3W_22entities_data_handling4bits17copy_bits_forward
FN:57,_RNvNtCsiKXMdk2HZ3W_22entities_data_handling4bits5nbits
FN:44,_RNvNtCsiKXMdk2HZ3W_22entities_data_handling4bits6nbytes
FN:129,_RNvNtCsiKXMdk2HZ3W_22entities_data_handling4bits7get_bit
FN:148,_RNvNtCsiKXMdk2HZ3W_22entities_data_handling4bits7set_bit
FN:335,_RNvNtCsiKXMdk2HZ3W_22entities_data_handling4bits8cmp_bits
FN:96,_RNvNtCsiKXMdk2HZ3W_22entities_data_handling4bits9make_mask
FN:115,_RNvNtCsiKXMdk2HZ3W_22entities_data_handling4bits9mask_bits
FNDA:1,_RNvNtNtCscP3qNAM1zpZ_22entities_data_handling4bits5testss_10test_nbits
FNDA:1,_RNvNtNtCscP3qNAM1zpZ_22entities_data_handling4bits5testss_11test_nbytes
FNDA:1,_RNvNtNtCscP3qNAM1zpZ_22entities_data_handling4bits5testss_12test_get_bit
FNDA:1,_RNvNtNtCscP3qNAM1zpZ_22entities_data_handling4bits5testss_12test_set_bit
FNDA:1,_RNvNtNtCscP3qNAM1zpZ_22entities_data_handling4bits5testss_14test_make_mask
FNDA:1,_RNvNtNtCscP3qNAM1zpZ_22entities_data_handling4bits5testss_14test_mask_bits
FNDA:1,_RNvNtNtCscP3qNAM1zpZ_22entities_data_handling4bits5testss_15test_bit_offset
FNDA:1,_RNvNtNtCscP3qNAM1zpZ_22entities_data_handling4bits5testss_16test_byte_offset
FNDA:1,_RNvNtNtCscP3qNAM1zpZ_22entities_data_handling4bits5testss_19test_cmp_bits_equal
FNDA:1,_RNvNtNtCscP3qNAM1zpZ_22entities_data_handling4bits5testss_20test_make_mask_large
FNDA:1,_RNvNtNtCscP3qNAM1zpZ_22entities_data_handling4bits5testss_23test_cmp_bits_different
FNDA:1,_RNvNtNtCscP3qNAM1zpZ_22entities_data_handling4bits5testss_23test_cmp_bits_unaligned
FNDA:1,_RNvNtNtCscP3qNAM1zpZ_22entities_data_handling4bits5testss_25test_get_bit_out_of_range
FNDA:1,_RNvNtNtCscP3qNAM1zpZ_22entities_data_handling4bits5testss_25test_make_mask_exactly_64
FNDA:1,_RNvNtNtCscP3qNAM1zpZ_22entities_data_handling4bits5testss_25test_set_bit_out_of_range
FNDA:1,_RNvNtNtCscP3qNAM1zpZ_22entities_data_handling4bits5testss_28test_cmp_bits_large_sequence
FNDA:1,_RNvNtNtCscP3qNAM1zpZ_22entities_data_handling4bits5testss_28test_copy_bits_forward_empty
FNDA:1,_RNvNtNtCscP3qNAM1zpZ_22entities_data_handling4bits5testss_29test_cmp_bits_a_out_of_bounds
FNDA:1,_RNvNtNtCscP3qNAM1zpZ_22entities_data_handling4bits5testss_29test_cmp_bits_b_out_of_bounds
FNDA:1,_RNvNtNtCscP3qNAM1zpZ_22entities_data_handling4bits5testss_29test_copy_bits_forward_simple
FNDA:1,_RNvNtNtCscP3qNAM1zpZ_22entities_data_handling4bits5testss_30test_cmp_bits_different_at_end
FNDA:1,_RNvNtNtCscP3qNAM1zpZ_22entities_data_handling4bits5testss_30test_copy_bits_forward_aligned
FNDA:1,_RNvNtNtCscP3qNAM1zpZ_22entities_data_handling4bits5testss_32test_cmp_bits_both_out_of_bounds
FNDA:1,_RNvNtNtCscP3qNAM1zpZ_22entities_data_handling4bits5testss_32test_copy_bits_forward_unaligned
FNDA:1,_RNvNtNtCscP3qNAM1zpZ_22entities_data_handling4bits5testss_35test_copy_bits_forward_partial_byte
FNDA:1,_RNvNtNtCscP3qNAM1zpZ_22entities_data_handling4bits5testss_40test_copy_bits_forward_dst_bit_zero_path
FNDA:1,_RNvNtNtCscP3qNAM1zpZ_22entities_data_handling4bits5testss_40test_copy_bits_forward_dst_out_of_bounds
FNDA:1,_RNvNtNtCscP3qNAM1zpZ_22entities_data_handling4bits5testss_40test_copy_bits_forward_src_out_of_bounds
FNDA:1,_RNvNtNtCscP3qNAM1zpZ_22entities_data_handling4bits5testss_41test_copy_bits_forward_multi_byte_aligned
FNDA:1,_RNvNtNtCscP3qNAM1zpZ_22entities_data_handling4bits5testss_46test_copy_bits_forward_bits_span_two_bytes_src
FNDA:1,_RNvNtNtCscP3qNAM1zpZ_22entities_data_handling4bits5testss_47test_copy_bits_forward_multi_byte_unaligned_dst
FNDA:1,_RNvNtNtCscP3qNAM1zpZ_22entities_data_handling4bits5testss_47test_copy_bits_forward_multi_byte_unaligned_src
FNDA:1,_RNvNtNtCscP3qNAM1zpZ_22entities_data_handling4bits5testss_48test_copy_bits_forward_multi_byte_both_unaligned
FNDA:1,_RNvNtNtCscP3qNAM1zpZ_22entities_data_handling4bits5testss_50test_copy_bits_forward_dst_bit_zero_with_remaining
FNDA:1,_RNvNtNtCscP3qNAM1zpZ_22entities_data_handling4bits5testss_51test_copy_bits_forward_middle_bytes_src_bit_nonzero
FNDA:1,_RNvNtNtCscP3qNAM1zpZ_22entities_data_handling4bits5testss_53test_copy_bits_forward_last_byte_partial_src_bit_zero
FNDA:1,_RNvNtNtCscP3qNAM1zpZ_22entities_data_handling4bits5testss_53test_copy_bits_forward_middle_bytes_src_out_of_bounds
FNDA:1,_RNvNtNtCscP3qNAM1zpZ_22entities_data_handling4bits5testss_54test_copy_bits_forward_first_byte_partial_src_advances
FNDA:1,_RNvNtNtCscP3qNAM1zpZ_22entities_data_handling4bits5testss_56test_copy_bits_forward_first_byte_partial_src_no_advance
FNDA:1,_RNvNtNtCscP3qNAM1zpZ_22entities_data_handling4bits5testss_56test_copy_bits_forward_last_byte_partial_src_bit_nonzero
FNDA:1,_RNvNtNtCscP3qNAM1zpZ_22entities_data_handling4bits5testss_58test_copy_bits_forward_last_byte_partial_src_out_of_bounds
FNDA:1,_RNvNtNtCscP3qNAM1zpZ_22entities_data_handling4bits5testss_60test_copy_bits_forward_bits_span_two_bytes_src_out_of_bounds
FNDA:1,_RNvNtNtCscP3qNAM1zpZ_22entities_data_handling4bits5testss_64test_copy_bits_forward_first_byte_partial_src_bit_equals_dst_bit
FNDA:1,_RNvNtNtCscP3qNAM1zpZ_22entities_data_handling4bits5testss_67test_copy_bits_forward_first_byte_partial_src_bit_less_than_dst_bit
FNDA:1,_RNvNtNtCscP3qNAM1zpZ_22entities_data_handling4bits5testss_70test_copy_bits_forward_first_byte_partial_src_bit_greater_than_dst_bit
FNDA:1531,_RNvNtCscP3qNAM1zpZ_22entities_data_handling4bits10bit_offset
FNDA:2231,_RNvNtCscP3qNAM1zpZ_22entities_data_handling4bits11byte_offset
FNDA:754,_RNvNtCscP3qNAM1zpZ_22entities_data_handling4bits17copy_bits_forward
FNDA:4,_RNvNtCscP3qNAM1zpZ_22entities_data_handling4bits5nbits
FNDA:729,_RNvNtCscP3qNAM1zpZ_22entities_data_handling4bits6nbytes
FNDA:200,_RNvNtCscP3qNAM1zpZ_22entities_data_handling4bits7get_bit
FNDA:7,_RNvNtCscP3qNAM1zpZ_22entities_data_handling4bits7set_bit
FNDA:10,_RNvNtCscP3qNAM1zpZ_22entities_data_handling4bits8cmp_bits
FNDA:736,_RNvNtCscP3qNAM1zpZ_22entities_data_handling4bits9make_mask
FNDA:654,_RNvNtCscP3qNAM1zpZ_22entities_data_handling4bits9mask_bits
FNDA:0,_RNvNtCsiKXMdk2HZ3W_22entities_data_handling4bits10bit_offset
FNDA:0,_RNvNtCsiKXMdk2HZ3W_22entities_data_handling4bits11byte_offset
FNDA:0,_RNvNtCsiKXMdk2HZ3W_22entities_data_handling4bits17copy_bits_forward
FNDA:0,_RNvNtCsiKXMdk2HZ3W_22entities_data_handling4bits5nbits
FNDA:0,_RNvNtCsiKXMdk2HZ3W_22entities_data_handling4bits6nbytes
FNDA:0,_RNvNtCsiKXMdk2HZ3W_22entities_data_handling4bits7get_bit
FNDA:0,_RNvNtCsiKXMdk2HZ3W_22entities_data_handling4bits7set_bit
FNDA:0,_RNvNtCsiKXMdk2HZ3W_22entities_data_handling4bits8cmp_bits
FNDA:0,_RNvNtCsiKXMdk2HZ3W_22entities_data_handling4bits9make_mask
FNDA:0,_RNvNtCsiKXMdk2HZ3W_22entities_data_handling4bits9mask_bits
FNF:55
FNH:55
DA:44,729
DA:45,729
DA:46,729
DA:57,4
DA:58,4
DA:59,4
DA:70,2231
DA:71,2231
DA:72,2231
DA:83,1531
DA:84,1531
DA:85,1531
DA:96,736
DA:97,736
DA:98,5
DA:100,731
DA:102,736
DA:115,654
DA:116,654
DA:117,654
DA:129,200
DA:130,200
DA:131,2
DA:133,198
DA:135,200
DA:148,7
DA:149,7
DA:150,2
DA:151,5
DA:152,5
DA:153,5
DA:154,3
DA:156,2
DA:158,7
DA:173,754
DA:174,754
DA:175,754
DA:176,754
DA:177,754
DA:178,754
DA:179,754
DA:180,754
DA:181,1
DA:182,753
DA:184,753
DA:185,753
DA:186,753
DA:187,753
DA:191,753
DA:192,58
DA:193,58
DA:195,58
DA:196,57
DA:198,1
DA:202,58
DA:203,58
DA:205,35
DA:208,23
DA:209,23
DA:210,22
DA:212,1
DA:214,23
DA:215,23
DA:219,58
DA:221,58
DA:222,58
DA:223,58
DA:224,58
DA:225,695
DA:228,695
DA:229,695
DA:230,695
DA:231,695
DA:232,695
DA:235,695
DA:236,13
DA:237,13
DA:238,13
DA:239,13
DA:241,13
DA:242,13
DA:244,0
DA:248,13
DA:249,13
DA:250,9
DA:253,4
DA:254,4
DA:255,4
DA:256,4
DA:260,13
DA:262,13
DA:263,12
DA:264,12
DA:266,13
DA:267,6
DA:268,6
DA:269,7
DA:270,7
DA:271,7
DA:273,13
DA:274,13
DA:275,13
DA:276,682
DA:279,5195
DA:280,4500
DA:281,4500
DA:282,10
DA:284,4490
DA:285,4489
DA:287,1
DA:289,4490
DA:292,4500
DA:293,4500
DA:294,4500
DA:295,4500
DA:299,695
DA:300,583
DA:301,583
DA:302,579
DA:304,4
DA:307,583
DA:308,6
DA:310,577
DA:311,575
DA:313,2
DA:315,577
DA:318,583
DA:319,112
DA:320,754
DA:335,10
DA:336,10
DA:337,10
DA:338,10
DA:339,10
DA:340,10
DA:341,10
DA:342,10
DA:343,0
DA:344,10
DA:346,10
DA:347,10
DA:348,10
DA:349,10
DA:350,10
DA:352,105
DA:353,102
DA:354,93
DA:356,9
DA:359,102
DA:360,93
DA:362,9
DA:365,102
DA:366,3
DA:367,99
DA:368,4
DA:369,95
DA:371,95
DA:372,95
DA:373,95
DA:374,11
DA:375,11
DA:376,84
DA:377,95
DA:378,95
DA:379,11
DA:380,11
DA:381,84
DA:384,3
DA:385,10
DA:392,1
DA:393,1
DA:394,1
DA:395,1
DA:396,1
DA:397,1
DA:398,1
DA:399,1
DA:402,1
DA:403,1
DA:404,1
DA:405,1
DA:406,1
DA:407,1
DA:410,1
DA:411,1
DA:412,1
DA:413,1
DA:414,1
DA:415,1
DA:416,1
DA:419,1
DA:420,1
DA:421,1
DA:422,1
DA:423,1
DA:424,1
DA:425,1
DA:428,1
DA:429,1
DA:430,1
DA:431,1
DA:432,1
DA:433,1
DA:434,1
DA:435,1
DA:438,1
DA:439,1
DA:440,1
DA:441,1
DA:442,1
DA:443,1
DA:444,1
DA:447,1
DA:448,1
DA:450,1
DA:451,1
DA:452,1
DA:453,1
DA:454,1
DA:455,1
DA:456,1
DA:457,1
DA:460,1
DA:461,1
DA:462,1
DA:465,1
DA:466,1
DA:467,1
DA:468,1
DA:471,1
DA:472,1
DA:474,1
DA:475,1
DA:476,1
DA:477,1
DA:478,1
DA:479,1
DA:482,1
DA:483,1
DA:484,1
DA:488,1
DA:489,1
DA:493,1
DA:494,1
DA:495,1
DA:498,1
DA:499,1
DA:500,1
DA:501,1
DA:504,1
DA:505,1
DA:506,1
DA:508,1
DA:509,1
DA:510,1
DA:511,1
DA:514,1
DA:515,1
DA:516,1
DA:520,1
DA:521,1
DA:524,1
DA:525,1
DA:527,1
DA:530,1
DA:531,1
DA:533,1
DA:536,1
DA:537,1
DA:539,1
DA:540,1
DA:543,1
DA:544,1
DA:545,1
DA:547,1
DA:548,1
DA:551,1
DA:552,1
DA:553,1
DA:555,1
DA:556,1
DA:557,1
DA:560,1
DA:562,1
DA:563,1
DA:566,1
DA:569,1
DA:570,1
DA:573,1
DA:574,1
DA:576,1
DA:584,1
DA:585,1
DA:589,1
DA:590,1
DA:596,1
DA:597,1
DA:600,1
DA:601,1
DA:602,1
DA:604,1
DA:605,1
DA:606,1
DA:609,1
DA:610,1
DA:611,1
DA:614,1
DA:615,1
DA:616,1
DA:619,1
DA:620,1
DA:621,1
DA:624,1
DA:625,1
DA:626,1
DA:629,1
DA:630,1
DA:631,1
DA:635,1
DA:637,1
DA:638,1
DA:641,1
DA:642,1
DA:643,1
DA:647,1
DA:649,1
DA:650,1
DA:653,1
DA:654,1
DA:655,1
DA:658,1
DA:659,1
DA:660,1
DA:661,1
DA:662,1
DA:665,1
DA:666,1
DA:667,1
DA:670,1
DA:672,1
DA:673,1
DA:674,1
DA:677,1
DA:678,1
DA:679,1
DA:682,1
DA:684,1
DA:685,1
DA:686,1
DA:689,1
DA:690,1
DA:691,1
DA:694,1
DA:696,1
DA:697,1
DA:698,1
DA:701,1
DA:702,1
DA:703,1
DA:707,1
DA:709,1
DA:710,1
DA:713,1
DA:714,1
DA:715,1
DA:718,1
DA:720,1
DA:721,1
DA:724,1
DA:725,1
DA:726,1
DA:729,1
DA:731,1
DA:732,1
DA:735,1
DA:736,1
DA:737,1
DA:740,1
DA:742,1
DA:743,1
DA:746,1
DA:747,1
DA:748,1
DA:751,1
DA:753,1
DA:754,1
DA:757,1
DA:758,1
DA:759,1
DA:762,1
DA:765,1
DA:766,1
DA:767,1
DA:770,1
DA:771,1
DA:772,1
DA:775,1
DA:778,1
DA:779,1
DA:782,1
DA:783,1
DA:784,1
DA:787,1
DA:789,1
DA:790,1
DA:793,1
DA:794,1
DA:795,1
DA:798,1
DA:800,1
DA:801,1
DA:804,1
DA:805,1
DA:806,1
DA:809,1
DA:811,1
DA:812,1
DA:815,1
DA:816,1
DA:817,1
DA:820,1
DA:821,1
DA:824,1
DA:825,1
DA:826,1
DA:829,1
DA:830,1
DA:833,1
DA:834,1
DA:835,1
DA:838,1
DA:839,1
DA:842,1
DA:843,1
DA:844,1
DA:847,1
DA:848,1
DA:851,1
DA:852,1
DA:853,1
DA:856,1
DA:857,1
DA:860,1
DA:861,1
DA:862,1
DA:863,1
DA:864,1
DA:867,1
DA:868,1
DA:869,1
DA:870,1
DA:871,1
DA:874,1
DA:875,1
DA:876,1
DA:877,1
DA:878,1
DA:881,1
DA:883,1
DA:884,1
DA:885,1
DA:888,1
DA:890,1
DA:891,1
DA:895,1
DA:896,1
DA:897,1
DA:898,1
DA:901,1
DA:903,1
DA:904,1
DA:909,1
DA:910,1
DA:911,1
DA:915,1
DA:916,1
BRF:0
BRH:0
LF:476
LH:474
end_of_record
SF:/Volumes/Files_1/iron-beam/rust-conversion/rust/entities/entities_data_handling/src/map.rs
FN:181,_RNvMNtCscP3qNAM1zpZ_22entities_data_handling3mapNtB2_3Map10find_index
FN:79,_RNvMNtCscP3qNAM1zpZ_22entities_data_handling3mapNtB2_3Map3get
FN:57,_RNvMNtCscP3qNAM1zpZ_22entities_data_handling3mapNtB2_3Map3new
FN:95,_RNvMNtCscP3qNAM1zpZ_22entities_data_handling3mapNtB2_3Map3put
FN:84,_RNvMNtCscP3qNAM1zpZ_22entities_data_handling3mapNtB2_3Map4find
FN:140,_RNvMNtCscP3qNAM1zpZ_22entities_data_handling3mapNtB2_3Map4keys
FN:64,_RNvMNtCscP3qNAM1zpZ_22entities_data_handling3mapNtB2_3Map4size
FN:131,_RNvMNtCscP3qNAM1zpZ_22entities_data_handling3mapNtB2_3Map4take
FN:169,_RNvMNtCscP3qNAM1zpZ_22entities_data_handling3mapNtB2_3Map5merge
FN:74,_RNvMNtCscP3qNAM1zpZ_22entities_data_handling3mapNtB2_3Map6is_key
FN:120,_RNvMNtCscP3qNAM1zpZ_22entities_data_handling3mapNtB2_3Map6remove
FN:108,_RNvMNtCscP3qNAM1zpZ_22entities_data_handling3mapNtB2_3Map6update
FN:145,_RNvMNtCscP3qNAM1zpZ_22entities_data_handling3mapNtB2_3Map6values
FN:150,_RNvMNtCscP3qNAM1zpZ_22entities_data_handling3mapNtB2_3Map7to_list
FN:69,_RNvMNtCscP3qNAM1zpZ_22entities_data_handling3mapNtB2_3Map8is_empty
FN:157,_RNvMNtCscP3qNAM1zpZ_22entities_data_handling3mapNtB2_3Map9from_list
FN:192,_RNvXs_NtCscP3qNAM1zpZ_22entities_data_handling3mapNtB4_3MapNtNtCsksJIhyblnkX_4core7default7Default7default
FN:80,_RNCNvMNtCscP3qNAM1zpZ_22entities_data_handling3mapNtB4_3Map3get0B6_
FN:85,_RNCNvMNtCscP3qNAM1zpZ_22entities_data_handling3mapNtB4_3Map4find0B6_
FN:282,_RNvNtNtCscP3qNAM1zpZ_22entities_data_handling3map5testss_13test_map_find
FN:266,_RNvNtNtCscP3qNAM1zpZ_22entities_data_handling3map5testss_13test_map_take
FN:374,_RNvNtNtCscP3qNAM1zpZ_22entities_data_handling3map5testss_14test_map_merge
FN:230,_RNvNtNtCscP3qNAM1zpZ_22entities_data_handling3map5testss_15test_map_remove
FN:248,_RNvNtNtCscP3qNAM1zpZ_22entities_data_handling3map5testss_15test_map_update
FN:451,_RNvNtNtCscP3qNAM1zpZ_22entities_data_handling3map5testss_16test_map_default
FN:322,_RNvNtNtCscP3qNAM1zpZ_22entities_data_handling3map5testss_16test_map_to_list
FN:203,_RNvNtNtCscP3qNAM1zpZ_22entities_data_handling3map5testss_17test_map_creation
FN:400,_RNvNtNtCscP3qNAM1zpZ_22entities_data_handling3map5testss_18test_map_atom_keys
FN:339,_RNvNtNtCscP3qNAM1zpZ_22entities_data_handling3map5testss_18test_map_from_list
FN:411,_RNvNtNtCscP3qNAM1zpZ_22entities_data_handling3map5testss_19test_map_tuple_keys
FN:210,_RNvNtNtCscP3qNAM1zpZ_22entities_data_handling3map5testss_20test_map_put_and_get
FN:300,_RNvNtNtCscP3qNAM1zpZ_22entities_data_handling3map5testss_24test_map_keys_and_values
FN:422,_RNvNtNtCscP3qNAM1zpZ_22entities_data_handling3map5testss_28test_map_multiple_operations
FN:357,_RNvNtNtCscP3qNAM1zpZ_22entities_data_handling3map5testss_29test_map_from_list_duplicates
FN:181,_RNvMNtCsiKXMdk2HZ3W_22entities_data_handling3mapNtB2_3Map10find_index
FN:79,_RNvMNtCsiKXMdk2HZ3W_22entities_data_handling3mapNtB2_3Map3get
FN:57,_RNvMNtCsiKXMdk2HZ3W_22entities_data_handling3mapNtB2_3Map3new
FN:95,_RNvMNtCsiKXMdk2HZ3W_22entities_data_handling3mapNtB2_3Map3put
FN:84,_RNvMNtCsiKXMdk2HZ3W_22entities_data_handling3mapNtB2_3Map4find
FN:140,_RNvMNtCsiKXMdk2HZ3W_22entities_data_handling3mapNtB2_3Map4keys
FN:64,_RNvMNtCsiKXMdk2HZ3W_22entities_data_handling3mapNtB2_3Map4size
FN:131,_RNvMNtCsiKXMdk2HZ3W_22entities_data_handling3mapNtB2_3Map4take
FN:169,_RNvMNtCsiKXMdk2HZ3W_22entities_data_handling3mapNtB2_3Map5merge
FN:74,_RNvMNtCsiKXMdk2HZ3W_22entities_data_handling3mapNtB2_3Map6is_key
FN:120,_RNvMNtCsiKXMdk2HZ3W_22entities_data_handling3mapNtB2_3Map6remove
FN:108,_RNvMNtCsiKXMdk2HZ3W_22entities_data_handling3mapNtB2_3Map6update
FN:145,_RNvMNtCsiKXMdk2HZ3W_22entities_data_handling3mapNtB2_3Map6values
FN:150,_RNvMNtCsiKXMdk2HZ3W_22entities_data_handling3mapNtB2_3Map7to_list
FN:69,_RNvMNtCsiKXMdk2HZ3W_22entities_data_handling3mapNtB2_3Map8is_empty
FN:157,_RNvMNtCsiKXMdk2HZ3W_22entities_data_handling3mapNtB2_3Map9from_list
FN:192,_RNvXs_NtCsiKXMdk2HZ3W_22entities_data_handling3mapNtB4_3MapNtNtCsksJIhyblnkX_4core7default7Default7default
FN:80,_RNCNvMNtCsiKXMdk2HZ3W_22entities_data_handling3mapNtB4_3Map3get0B6_
FN:85,_RNCNvMNtCsiKXMdk2HZ3W_22entities_data_handling3mapNtB4_3Map4find0B6_
FNDA:70,_RNvMNtCscP3qNAM1zpZ_22entities_data_handling3mapNtB2_3Map10find_index
FNDA:16,_RNvMNtCscP3qNAM1zpZ_22entities_data_handling3mapNtB2_3Map3get
FNDA:16,_RNvMNtCscP3qNAM1zpZ_22entities_data_handling3mapNtB2_3Map3new
FNDA:32,_RNvMNtCscP3qNAM1zpZ_22entities_data_handling3mapNtB2_3Map3put
FNDA:2,_RNvMNtCscP3qNAM1zpZ_22entities_data_handling3mapNtB2_3Map4find
FNDA:1,_RNvMNtCscP3qNAM1zpZ_22entities_data_handling3mapNtB2_3Map4keys
FNDA:11,_RNvMNtCscP3qNAM1zpZ_22entities_data_handling3mapNtB2_3Map4size
FNDA:2,_RNvMNtCscP3qNAM1zpZ_22entities_data_handling3mapNtB2_3Map4take
FNDA:1,_RNvMNtCscP3qNAM1zpZ_22entities_data_handling3mapNtB2_3Map5merge
FNDA:9,_RNvMNtCscP3qNAM1zpZ_22entities_data_handling3mapNtB2_3Map6is_key
FNDA:7,_RNvMNtCscP3qNAM1zpZ_22entities_data_handling3mapNtB2_3Map6remove
FNDA:2,_RNvMNtCscP3qNAM1zpZ_22entities_data_handling3mapNtB2_3Map6update
FNDA:1,_RNvMNtCscP3qNAM1zpZ_22entities_data_handling3mapNtB2_3Map6values
FNDA:1,_RNvMNtCscP3qNAM1zpZ_22entities_data_handling3mapNtB2_3Map7to_list
FNDA:2,_RNvMNtCscP3qNAM1zpZ_22entities_data_handling3mapNtB2_3Map8is_empty
FNDA:2,_RNvMNtCscP3qNAM1zpZ_22entities_data_handling3mapNtB2_3Map9from_list
FNDA:1,_RNvXs_NtCscP3qNAM1zpZ_22entities_data_handling3mapNtB4_3MapNtNtCsksJIhyblnkX_4core7default7Default7default
FNDA:16,_RNCNvMNtCscP3qNAM1zpZ_22entities_data_handling3mapNtB4_3Map3get0B6_
FNDA:1,_RNCNvMNtCscP3qNAM1zpZ_22entities_data_handling3mapNtB4_3Map4find0B6_
FNDA:1,_RNvNtNtCscP3qNAM1zpZ_22entities_data_handling3map5testss_13test_map_find
FNDA:1,_RNvNtNtCscP3qNAM1zpZ_22entities_data_handling3map5testss_13test_map_take
FNDA:1,_RNvNtNtCscP3qNAM1zpZ_22entities_data_handling3map5testss_14test_map_merge
FNDA:1,_RNvNtNtCscP3qNAM1zpZ_22entities_data_handling3map5testss_15test_map_remove
FNDA:1,_RNvNtNtCscP3qNAM1zpZ_22entities_data_handling3map5testss_15test_map_update
FNDA:1,_RNvNtNtCscP3qNAM1zpZ_22entities_data_handling3map5testss_16test_map_default
FNDA:1,_RNvNtNtCscP3qNAM1zpZ_22entities_data_handling3map5testss_16test_map_to_list
FNDA:1,_RNvNtNtCscP3qNAM1zpZ_22entities_data_handling3map5testss_17test_map_creation
FNDA:1,_RNvNtNtCscP3qNAM1zpZ_22entities_data_handling3map5testss_18test_map_atom_keys
FNDA:1,_RNvNtNtCscP3qNAM1zpZ_22entities_data_handling3map5testss_18test_map_from_list
FNDA:1,_RNvNtNtCscP3qNAM1zpZ_22entities_data_handling3map5testss_19test_map_tuple_keys
FNDA:1,_RNvNtNtCscP3qNAM1zpZ_22entities_data_handling3map5testss_20test_map_put_and_get
FNDA:1,_RNvNtNtCscP3qNAM1zpZ_22entities_data_handling3map5testss_24test_map_keys_and_values
FNDA:1,_RNvNtNtCscP3qNAM1zpZ_22entities_data_handling3map5testss_28test_map_multiple_operations
FNDA:1,_RNvNtNtCscP3qNAM1zpZ_22entities_data_handling3map5testss_29test_map_from_list_duplicates
FNDA:16,_RNvMNtCsiKXMdk2HZ3W_22entities_data_handling3mapNtB2_3Map10find_index
FNDA:6,_RNvMNtCsiKXMdk2HZ3W_22entities_data_handling3mapNtB2_3Map3get
FNDA:3,_RNvMNtCsiKXMdk2HZ3W_22entities_data_handling3mapNtB2_3Map3new
FNDA:8,_RNvMNtCsiKXMdk2HZ3W_22entities_data_handling3mapNtB2_3Map3put
FNDA:0,_RNvMNtCsiKXMdk2HZ3W_22entities_data_handling3mapNtB2_3Map4find
FNDA:0,_RNvMNtCsiKXMdk2HZ3W_22entities_data_handling3mapNtB2_3Map4keys
FNDA:2,_RNvMNtCsiKXMdk2HZ3W_22entities_data_handling3mapNtB2_3Map4size
FNDA:0,_RNvMNtCsiKXMdk2HZ3W_22entities_data_handling3mapNtB2_3Map4take
FNDA:0,_RNvMNtCsiKXMdk2HZ3W_22entities_data_handling3mapNtB2_3Map5merge
FNDA:2,_RNvMNtCsiKXMdk2HZ3W_22entities_data_handling3mapNtB2_3Map6is_key
FNDA:0,_RNvMNtCsiKXMdk2HZ3W_22entities_data_handling3mapNtB2_3Map6remove
FNDA:0,_RNvMNtCsiKXMdk2HZ3W_22entities_data_handling3mapNtB2_3Map6update
FNDA:0,_RNvMNtCsiKXMdk2HZ3W_22entities_data_handling3mapNtB2_3Map6values
FNDA:3,_RNvMNtCsiKXMdk2HZ3W_22entities_data_handling3mapNtB2_3Map7to_list
FNDA:0,_RNvMNtCsiKXMdk2HZ3W_22entities_data_handling3mapNtB2_3Map8is_empty
FNDA:0,_RNvMNtCsiKXMdk2HZ3W_22entities_data_handling3mapNtB2_3Map9from_list
FNDA:0,_RNvXs_NtCsiKXMdk2HZ3W_22entities_data_handling3mapNtB4_3MapNtNtCsksJIhyblnkX_4core7default7Default7default
FNDA:6,_RNCNvMNtCsiKXMdk2HZ3W_22entities_data_handling3mapNtB4_3Map3get0B6_
FNDA:0,_RNCNvMNtCsiKXMdk2HZ3W_22entities_data_handling3mapNtB4_3Map4find0B6_
FNF:34
FNH:34
DA:57,19
DA:58,19
DA:59,19
DA:60,19
DA:61,19
DA:64,13
DA:65,13
DA:66,13
DA:69,2
DA:70,2
DA:71,2
DA:74,11
DA:75,11
DA:76,11
DA:79,22
DA:80,22
DA:81,22
DA:84,2
DA:85,2
DA:86,1
DA:87,1
DA:88,1
DA:89,2
DA:95,40
DA:96,40
DA:97,3
DA:98,3
DA:100,37
DA:101,37
DA:103,40
DA:108,2
DA:109,2
DA:110,1
DA:111,1
DA:113,1
DA:115,2
DA:120,7
DA:121,7
DA:122,6
DA:124,1
DA:126,7
DA:131,2
DA:132,2
DA:133,1
DA:135,1
DA:137,2
DA:140,1
DA:141,1
DA:142,1
DA:145,1
DA:146,1
DA:147,1
DA:150,4
DA:151,4
DA:152,4
DA:157,2
DA:158,2
DA:159,6
DA:160,4
DA:161,4
DA:162,2
DA:163,2
DA:169,1
DA:170,1
DA:171,3
DA:172,2
DA:173,2
DA:174,1
DA:175,1
DA:181,86
DA:182,137
DA:183,137
DA:184,44
DA:185,93
DA:187,42
DA:188,86
DA:192,1
DA:193,1
DA:194,1
DA:203,1
DA:204,1
DA:205,1
DA:206,1
DA:207,1
DA:210,1
DA:211,1
DA:212,1
DA:213,1
DA:216,1
DA:217,1
DA:218,1
DA:221,1
DA:224,1
DA:225,1
DA:226,1
DA:227,1
DA:230,1
DA:231,1
DA:232,1
DA:233,1
DA:235,1
DA:236,1
DA:239,1
DA:240,1
DA:241,1
DA:244,1
DA:245,1
DA:248,1
DA:249,1
DA:250,1
DA:251,1
DA:252,1
DA:255,1
DA:258,1
DA:261,1
DA:262,1
DA:263,1
DA:266,1
DA:267,1
DA:268,1
DA:269,1
DA:271,1
DA:274,1
DA:275,1
DA:278,1
DA:279,1
DA:282,1
DA:283,1
DA:284,1
DA:285,1
DA:288,1
DA:291,1
DA:292,1
DA:293,1
DA:294,1
DA:295,1
DA:296,1
DA:297,1
DA:300,1
DA:301,1
DA:302,1
DA:303,1
DA:304,1
DA:305,1
DA:307,1
DA:308,1
DA:310,1
DA:311,1
DA:312,1
DA:313,1
DA:315,1
DA:316,1
DA:317,1
DA:318,1
DA:319,1
DA:322,1
DA:323,1
DA:324,1
DA:325,1
DA:326,1
DA:327,1
DA:329,1
DA:330,1
DA:332,1
DA:333,1
DA:334,1
DA:335,1
DA:336,1
DA:339,1
DA:340,1
DA:341,1
DA:342,1
DA:343,1
DA:345,1
DA:346,1
DA:347,1
DA:350,1
DA:351,1
DA:352,1
DA:353,1
DA:354,1
DA:357,1
DA:358,1
DA:359,1
DA:360,1
DA:363,1
DA:364,1
DA:365,1
DA:368,1
DA:369,1
DA:370,1
DA:371,1
DA:374,1
DA:375,1
DA:376,1
DA:377,1
DA:378,1
DA:379,1
DA:381,1
DA:382,1
DA:384,1
DA:385,1
DA:386,1
DA:387,1
DA:389,1
DA:390,1
DA:392,1
DA:393,1
DA:394,1
DA:395,1
DA:396,1
DA:397,1
DA:400,1
DA:401,1
DA:402,1
DA:403,1
DA:405,1
DA:406,1
DA:407,1
DA:408,1
DA:411,1
DA:412,1
DA:413,1
DA:414,1
DA:416,1
DA:417,1
DA:418,1
DA:419,1
DA:422,1
DA:423,1
DA:426,11
DA:427,10
DA:428,10
DA:429,10
DA:430,10
DA:432,1
DA:435,6
DA:436,5
DA:437,5
DA:438,5
DA:440,1
DA:443,6
DA:444,5
DA:445,5
DA:446,5
DA:448,1
DA:451,1
DA:452,1
DA:453,1
DA:454,1
DA:455,1
BRF:0
BRH:0
LF:253
LH:253
end_of_record
SF:/Volumes/Files_1/iron-beam/rust-conversion/rust/entities/entities_data_handling/src/term_hashing.rs
FN:568,_RNvNtCscP3qNAM1zpZ_22entities_data_handling12term_hashing10make_hash2
FN:886,_RNvNtCscP3qNAM1zpZ_22entities_data_handling12term_hashing10mix_hash_2
FN:938,_RNvNtCscP3qNAM1zpZ_22entities_data_handling12term_hashing11ihash_mix64
FN:993,_RNvNtCscP3qNAM1zpZ_22entities_data_handling12term_hashing12is_immediate
FN:172,_RNvNtCscP3qNAM1zpZ_22entities_data_handling12term_hashing13atom_hash_pjw
FN:1612,_RNvNtCscP3qNAM1zpZ_22entities_data_handling12term_hashing13erts_map_hash
FN:987,_RNvNtCscP3qNAM1zpZ_22entities_data_handling12term_hashing13mix_beta_2f32
FN:966,_RNvNtCscP3qNAM1zpZ_22entities_data_handling12term_hashing14mix_alpha_2f32
FN:92,_RNvNtCscP3qNAM1zpZ_22entities_data_handling12term_hashing17hash_binary_bytes
FN:40,_RNvNtCscP3qNAM1zpZ_22entities_data_handling12term_hashing17hash_u32_bytewise
FN:1517,_RNvNtCscP3qNAM1zpZ_22entities_data_handling12term_hashing18erts_internal_hash
FN:55,_RNvNtCscP3qNAM1zpZ_22entities_data_handling12term_hashing20hash_number_bytewise
FN:1015,_RNvNtCscP3qNAM1zpZ_22entities_data_handling12term_hashing23make_internal_hash_impl
FN:1542,_RNvNtCscP3qNAM1zpZ_22entities_data_handling12term_hashing25erts_internal_salted_hash
FN:1571,_RNvNtCscP3qNAM1zpZ_22entities_data_handling12term_hashing34erts_dbg_hashmap_collision_bonanza
FN:848,_RNvNtCscP3qNAM1zpZ_22entities_data_handling12term_hashing3mix
FN:931,_RNvNtCscP3qNAM1zpZ_22entities_data_handling12term_hashing6rotl64
FN:973,_RNvNtCscP3qNAM1zpZ_22entities_data_handling12term_hashing8mix_beta
FN:878,_RNvNtCscP3qNAM1zpZ_22entities_data_handling12term_hashing8mix_hash
FN:1004,_RNvNtCscP3qNAM1zpZ_22entities_data_handling12term_hashing8read_u64
FN:228,_RNvNtCscP3qNAM1zpZ_22entities_data_handling12term_hashing9make_hash
FN:952,_RNvNtCscP3qNAM1zpZ_22entities_data_handling12term_hashing9mix_alpha
FN:1921,_RNvNtNtCscP3qNAM1zpZ_22entities_data_handling12term_hashing5testss_18test_atom_hash_pjw
FN:3605,_RNvNtNtCscP3qNAM1zpZ_22entities_data_handling12term_hashing5testss_18test_erts_map_hash
FN:2454,_RNvNtNtCscP3qNAM1zpZ_22entities_data_handling12term_hashing5testss_18test_make_hash_big
FN:1728,_RNvNtNtCscP3qNAM1zpZ_22entities_data_handling12term_hashing5testss_18test_make_hash_nil
FN:2476,_RNvNtNtCscP3qNAM1zpZ_22entities_data_handling12term_hashing5testss_18test_make_hash_ref
FN:2403,_RNvNtNtCscP3qNAM1zpZ_22entities_data_handling12term_hashing5testss_19test_make_hash2_map
FN:1763,_RNvNtNtCscP3qNAM1zpZ_22entities_data_handling12term_hashing5testss_19test_make_hash_atom
FN:1865,_RNvNtNtCscP3qNAM1zpZ_22entities_data_handling12term_hashing5testss_19test_make_hash_list
FN:1990,_RNvNtNtCscP3qNAM1zpZ_22entities_data_handling12term_hashing5testss_19test_make_hash_port
FN:2033,_RNvNtNtCscP3qNAM1zpZ_22entities_data_handling12term_hashing5testss_20test_make_hash2_port
FN:1887,_RNvNtNtCscP3qNAM1zpZ_22entities_data_handling12term_hashing5testss_20test_make_hash_float
FN:1847,_RNvNtNtCscP3qNAM1zpZ_22entities_data_handling12term_hashing5testss_20test_make_hash_tuple
FN:1777,_RNvNtNtCscP3qNAM1zpZ_22entities_data_handling12term_hashing5testss_21test_make_hash_binary
FN:2191,_RNvNtNtCscP3qNAM1zpZ_22entities_data_handling12term_hashing5testss_22test_internal_hash_big
FN:2339,_RNvNtNtCscP3qNAM1zpZ_22entities_data_handling12term_hashing5testss_22test_internal_hash_fun
FN:2165,_RNvNtNtCscP3qNAM1zpZ_22entities_data_handling12term_hashing5testss_22test_internal_hash_map
FN:2301,_RNvNtNtCscP3qNAM1zpZ_22entities_data_handling12term_hashing5testss_22test_internal_hash_ref
FN:2077,_RNvNtNtCscP3qNAM1zpZ_22entities_data_handling12term_hashing5testss_23test_internal_hash_list
FN:1947,_RNvNtNtCscP3qNAM1zpZ_22entities_data_handling12term_hashing5testss_23test_make_hash_function
FN:2281,_RNvNtNtCscP3qNAM1zpZ_22entities_data_handling12term_hashing5testss_24test_internal_hash_float
FN:2133,_RNvNtNtCscP3qNAM1zpZ_22entities_data_handling12term_hashing5testss_24test_internal_hash_tuple
FN:2538,_RNvNtNtCscP3qNAM1zpZ_22entities_data_handling12term_hashing5testss_24test_make_hash_long_list
FN:2229,_RNvNtNtCscP3qNAM1zpZ_22entities_data_handling12term_hashing5testss_25test_internal_hash_binary
FN:2393,_RNvNtNtCscP3qNAM1zpZ_22entities_data_handling12term_hashing5testss_25test_internal_hash_salted
FN:2420,_RNvNtNtCscP3qNAM1zpZ_22entities_data_handling12term_hashing5testss_25test_make_hash2_all_types
FN:2884,_RNvNtNtCscP3qNAM1zpZ_22entities_data_handling12term_hashing5testss_25test_make_hash2_map_empty
FN:2526,_RNvNtNtCscP3qNAM1zpZ_22entities_data_handling12term_hashing5testss_26test_make_hash_large_tuple
FN:2876,_RNvNtNtCscP3qNAM1zpZ_22entities_data_handling12term_hashing5testss_27test_make_hash2_tuple_empty
FN:2057,_RNvNtNtCscP3qNAM1zpZ_22entities_data_handling12term_hashing5testss_28test_internal_hash_immediate
FN:1737,_RNvNtNtCscP3qNAM1zpZ_22entities_data_handling12term_hashing5testss_28test_make_hash_small_integer
FN:2864,_RNvNtNtCscP3qNAM1zpZ_22entities_data_handling12term_hashing5testss_30test_make_hash2_small_negative
FN:3032,_RNvNtNtCscP3qNAM1zpZ_22entities_data_handling12term_hashing5testss_31test_make_hash2_map_error_paths
FN:2892,_RNvNtNtCscP3qNAM1zpZ_22entities_data_handling12term_hashing5testss_31test_make_hash2_map_single_pair
FN:2488,_RNvNtNtCscP3qNAM1zpZ_22entities_data_handling12term_hashing5testss_31test_make_hash_empty_structures
FN:3465,_RNvNtNtCscP3qNAM1zpZ_22entities_data_handling12term_hashing5testss_32test_make_hash2_binary_all_cases
FN:2553,_RNvNtNtCscP3qNAM1zpZ_22entities_data_handling12term_hashing5testss_32test_make_hash_binary_edge_cases
FN:2502,_RNvNtNtCscP3qNAM1zpZ_22entities_data_handling12term_hashing5testss_32test_make_hash_nested_structures
FN:3446,_RNvNtNtCscP3qNAM1zpZ_22entities_data_handling12term_hashing5testss_33test_internal_hash_big_edge_cases
FN:3419,_RNvNtNtCscP3qNAM1zpZ_22entities_data_handling12term_hashing5testss_33test_internal_hash_fun_edge_cases
FN:2902,_RNvNtNtCscP3qNAM1zpZ_22entities_data_handling12term_hashing5testss_33test_internal_hash_map_edge_cases
FN:3366,_RNvNtNtCscP3qNAM1zpZ_22entities_data_handling12term_hashing5testss_33test_internal_hash_ref_edge_cases
FN:3502,_RNvNtNtCscP3qNAM1zpZ_22entities_data_handling12term_hashing5testss_33test_make_hash2_map_comprehensive
FN:3556,_RNvNtNtCscP3qNAM1zpZ_22entities_data_handling12term_hashing5testss_34test_make_hash2_list_comprehensive
FN:3265,_RNvNtNtCscP3qNAM1zpZ_22entities_data_handling12term_hashing5testss_35test_internal_hash_binary_tail_bits
FN:3108,_RNvNtNtCscP3qNAM1zpZ_22entities_data_handling12term_hashing5testss_35test_internal_hash_salted_all_types
FN:2920,_RNvNtNtCscP3qNAM1zpZ_22entities_data_handling12term_hashing5testss_35test_internal_hash_tuple_edge_cases
FN:3543,_RNvNtNtCscP3qNAM1zpZ_22entities_data_handling12term_hashing5testss_35test_make_hash2_tuple_comprehensive
FN:3299,_RNvNtNtCscP3qNAM1zpZ_22entities_data_handling12term_hashing5testss_36test_internal_hash_binary_edge_cases
FN:2779,_RNvNtNtCscP3qNAM1zpZ_22entities_data_handling12term_hashing5testss_37test_internal_hash_list_general_paths
FN:3320,_RNvNtNtCscP3qNAM1zpZ_22entities_data_handling12term_hashing5testss_37test_internal_hash_list_non_byte_head
FN:3078,_RNvNtNtCscP3qNAM1zpZ_22entities_data_handling12term_hashing5testss_38test_internal_hash_all_immediate_types
FN:3573,_RNvNtNtCscP3qNAM1zpZ_22entities_data_handling12term_hashing5testss_39test_erts_dbg_hashmap_collision_bonanza
FN:2960,_RNvNtNtCscP3qNAM1zpZ_22entities_data_handling12term_hashing5testss_39test_internal_hash_big_all_digit_counts
FN:2820,_RNvNtNtCscP3qNAM1zpZ_22entities_data_handling12term_hashing5testss_42test_internal_hash_binary_all_switch_cases
FN:2611,_RNvNtNtCscP3qNAM1zpZ_22entities_data_handling12term_hashing5testss_43test_internal_hash_list_string_optimization
FN:3135,_RNvNtNtCscP3qNAM1zpZ_22entities_data_handling12term_hashing5testss_43test_make_hash_all_term_types_comprehensive
FN:3201,_RNvNtNtCscP3qNAM1zpZ_22entities_data_handling12term_hashing5testss_44test_make_hash2_all_term_types_comprehensive
FN:3054,_RNvNtNtCscP3qNAM1zpZ_22entities_data_handling12term_hashing5testss_45test_erts_dbg_hashmap_collision_bonanza_32bit
FN:2569,_RNvNtNtCscP3qNAM1zpZ_22entities_data_handling12term_hashing5testss_45test_internal_hash_binary_all_remaining_bytes
FN:2933,_RNvNtNtCscP3qNAM1zpZ_22entities_data_handling12term_hashing5testss_45test_internal_hash_fun_environment_edge_cases
FN:3000,_RNvNtNtCscP3qNAM1zpZ_22entities_data_handling12term_hashing5testss_47test_internal_hash_binary_bit_aligned_all_cases
FN:3249,_RNvNtNtCscP3qNAM1zpZ_22entities_data_handling12term_hashing5testss_48test_make_hash2_binary_bit_aligned_comprehensive
FN:568,_RNvNtCsiKXMdk2HZ3W_22entities_data_handling12term_hashing10make_hash2
FN:886,_RNvNtCsiKXMdk2HZ3W_22entities_data_handling12term_hashing10mix_hash_2
FN:938,_RNvNtCsiKXMdk2HZ3W_22entities_data_handling12term_hashing11ihash_mix64
FN:993,_RNvNtCsiKXMdk2HZ3W_22entities_data_handling12term_hashing12is_immediate
FN:1612,_RNvNtCsiKXMdk2HZ3W_22entities_data_handling12term_hashing13erts_map_hash
FN:987,_RNvNtCsiKXMdk2HZ3W_22entities_data_handling12term_hashing13mix_beta_2f32
FN:966,_RNvNtCsiKXMdk2HZ3W_22entities_data_handling12term_hashing14mix_alpha_2f32
FN:92,_RNvNtCsiKXMdk2HZ3W_22entities_data_handling12term_hashing17hash_binary_bytes
FN:40,_RNvNtCsiKXMdk2HZ3W_22entities_data_handling12term_hashing17hash_u32_bytewise
FN:1517,_RNvNtCsiKXMdk2HZ3W_22entities_data_handling12term_hashing18erts_internal_hash
FN:55,_RNvNtCsiKXMdk2HZ3W_22entities_data_handling12term_hashing20hash_number_bytewise
FN:1015,_RNvNtCsiKXMdk2HZ3W_22entities_data_handling12term_hashing23make_internal_hash_impl
FN:1542,_RNvNtCsiKXMdk2HZ3W_22entities_data_handling12term_hashing25erts_internal_salted_hash
FN:1571,_RNvNtCsiKXMdk2HZ3W_22entities_data_handling12term_hashing34erts_dbg_hashmap_collision_bonanza
FN:848,_RNvNtCsiKXMdk2HZ3W_22entities_data_handling12term_hashing3mix
FN:931,_RNvNtCsiKXMdk2HZ3W_22entities_data_handling12term_hashing6rotl64
FN:973,_RNvNtCsiKXMdk2HZ3W_22entities_data_handling12term_hashing8mix_beta
FN:878,_RNvNtCsiKXMdk2HZ3W_22entities_data_handling12term_hashing8mix_hash
FN:1004,_RNvNtCsiKXMdk2HZ3W_22entities_data_handling12term_hashing8read_u64
FN:228,_RNvNtCsiKXMdk2HZ3W_22entities_data_handling12term_hashing9make_hash
FN:952,_RNvNtCsiKXMdk2HZ3W_22entities_data_handling12term_hashing9mix_alpha
FNDA:357,_RNvNtCscP3qNAM1zpZ_22entities_data_handling12term_hashing10make_hash2
FNDA:17,_RNvNtCscP3qNAM1zpZ_22entities_data_handling12term_hashing10mix_hash_2
FNDA:2245,_RNvNtCscP3qNAM1zpZ_22entities_data_handling12term_hashing11ihash_mix64
FNDA:2309,_RNvNtCscP3qNAM1zpZ_22entities_data_handling12term_hashing12is_immediate
FNDA:5,_RNvNtCscP3qNAM1zpZ_22entities_data_handling12term_hashing13atom_hash_pjw
FNDA:2,_RNvNtCscP3qNAM1zpZ_22entities_data_handling12term_hashing13erts_map_hash
FNDA:15,_RNvNtCscP3qNAM1zpZ_22entities_data_handling12term_hashing13mix_beta_2f32
FNDA:49,_RNvNtCscP3qNAM1zpZ_22entities_data_handling12term_hashing14mix_alpha_2f32
FNDA:136,_RNvNtCscP3qNAM1zpZ_22entities_data_handling12term_hashing17hash_binary_bytes
FNDA:82,_RNvNtCscP3qNAM1zpZ_22entities_data_handling12term_hashing17hash_u32_bytewise
FNDA:1378,_RNvNtCscP3qNAM1zpZ_22entities_data_handling12term_hashing18erts_internal_hash
FNDA:53,_RNvNtCscP3qNAM1zpZ_22entities_data_handling12term_hashing20hash_number_bytewise
FNDA:859,_RNvNtCscP3qNAM1zpZ_22entities_data_handling12term_hashing23make_internal_hash_impl
FNDA:8,_RNvNtCscP3qNAM1zpZ_22entities_data_handling12term_hashing25erts_internal_salted_hash
FNDA:108,_RNvNtCscP3qNAM1zpZ_22entities_data_handling12term_hashing34erts_dbg_hashmap_collision_bonanza
FNDA:2390,_RNvNtCscP3qNAM1zpZ_22entities_data_handling12term_hashing3mix
FNDA:5974,_RNvNtCscP3qNAM1zpZ_22entities_data_handling12term_hashing6rotl64
FNDA:974,_RNvNtCscP3qNAM1zpZ_22entities_data_handling12term_hashing8mix_beta
FNDA:2373,_RNvNtCscP3qNAM1zpZ_22entities_data_handling12term_hashing8mix_hash
FNDA:144,_RNvNtCscP3qNAM1zpZ_22entities_data_handling12term_hashing8read_u64
FNDA:228,_RNvNtCscP3qNAM1zpZ_22entities_data_handling12term_hashing9make_hash
FNDA:1646,_RNvNtCscP3qNAM1zpZ_22entities_data_handling12term_hashing9mix_alpha
FNDA:1,_RNvNtNtCscP3qNAM1zpZ_22entities_data_handling12term_hashing5testss_18test_atom_hash_pjw
FNDA:1,_RNvNtNtCscP3qNAM1zpZ_22entities_data_handling12term_hashing5testss_18test_erts_map_hash
FNDA:1,_RNvNtNtCscP3qNAM1zpZ_22entities_data_handling12term_hashing5testss_18test_make_hash_big
FNDA:1,_RNvNtNtCscP3qNAM1zpZ_22entities_data_handling12term_hashing5testss_18test_make_hash_nil
FNDA:1,_RNvNtNtCscP3qNAM1zpZ_22entities_data_handling12term_hashing5testss_18test_make_hash_ref
FNDA:1,_RNvNtNtCscP3qNAM1zpZ_22entities_data_handling12term_hashing5testss_19test_make_hash2_map
FNDA:1,_RNvNtNtCscP3qNAM1zpZ_22entities_data_handling12term_hashing5testss_19test_make_hash_atom
FNDA:1,_RNvNtNtCscP3qNAM1zpZ_22entities_data_handling12term_hashing5testss_19test_make_hash_list
FNDA:1,_RNvNtNtCscP3qNAM1zpZ_22entities_data_handling12term_hashing5testss_19test_make_hash_port
FNDA:1,_RNvNtNtCscP3qNAM1zpZ_22entities_data_handling12term_hashing5testss_20test_make_hash2_port
FNDA:1,_RNvNtNtCscP3qNAM1zpZ_22entities_data_handling12term_hashing5testss_20test_make_hash_float
FNDA:1,_RNvNtNtCscP3qNAM1zpZ_22entities_data_handling12term_hashing5testss_20test_make_hash_tuple
FNDA:1,_RNvNtNtCscP3qNAM1zpZ_22entities_data_handling12term_hashing5testss_21test_make_hash_binary
FNDA:1,_RNvNtNtCscP3qNAM1zpZ_22entities_data_handling12term_hashing5testss_22test_internal_hash_big
FNDA:1,_RNvNtNtCscP3qNAM1zpZ_22entities_data_handling12term_hashing5testss_22test_internal_hash_fun
FNDA:1,_RNvNtNtCscP3qNAM1zpZ_22entities_data_handling12term_hashing5testss_22test_internal_hash_map
FNDA:1,_RNvNtNtCscP3qNAM1zpZ_22entities_data_handling12term_hashing5testss_22test_internal_hash_ref
FNDA:1,_RNvNtNtCscP3qNAM1zpZ_22entities_data_handling12term_hashing5testss_23test_internal_hash_list
FNDA:1,_RNvNtNtCscP3qNAM1zpZ_22entities_data_handling12term_hashing5testss_23test_make_hash_function
FNDA:1,_RNvNtNtCscP3qNAM1zpZ_22entities_data_handling12term_hashing5testss_24test_internal_hash_float
FNDA:1,_RNvNtNtCscP3qNAM1zpZ_22entities_data_handling12term_hashing5testss_24test_internal_hash_tuple
FNDA:1,_RNvNtNtCscP3qNAM1zpZ_22entities_data_handling12term_hashing5testss_24test_make_hash_long_list
FNDA:1,_RNvNtNtCscP3qNAM1zpZ_22entities_data_handling12term_hashing5testss_25test_internal_hash_binary
FNDA:1,_RNvNtNtCscP3qNAM1zpZ_22entities_data_handling12term_hashing5testss_25test_internal_hash_salted
FNDA:1,_RNvNtNtCscP3qNAM1zpZ_22entities_data_handling12term_hashing5testss_25test_make_hash2_all_types
FNDA:1,_RNvNtNtCscP3qNAM1zpZ_22entities_data_handling12term_hashing5testss_25test_make_hash2_map_empty
FNDA:1,_RNvNtNtCscP3qNAM1zpZ_22entities_data_handling12term_hashing5testss_26test_make_hash_large_tuple
FNDA:1,_RNvNtNtCscP3qNAM1zpZ_22entities_data_handling12term_hashing5testss_27test_make_hash2_tuple_empty
FNDA:1,_RNvNtNtCscP3qNAM1zpZ_22entities_data_handling12term_hashing5testss_28test_internal_hash_immediate
FNDA:1,_RNvNtNtCscP3qNAM1zpZ_22entities_data_handling12term_hashing5testss_28test_make_hash_small_integer
FNDA:1,_RNvNtNtCscP3qNAM1zpZ_22entities_data_handling12term_hashing5testss_30test_make_hash2_small_negative
FNDA:1,_RNvNtNtCscP3qNAM1zpZ_22entities_data_handling12term_hashing5testss_31test_make_hash2_map_error_paths
FNDA:1,_RNvNtNtCscP3qNAM1zpZ_22entities_data_handling12term_hashing5testss_31test_make_hash2_map_single_pair
FNDA:1,_RNvNtNtCscP3qNAM1zpZ_22entities_data_handling12term_hashing5testss_31test_make_hash_empty_structures
FNDA:1,_RNvNtNtCscP3qNAM1zpZ_22entities_data_handling12term_hashing5testss_32test_make_hash2_binary_all_cases
FNDA:1,_RNvNtNtCscP3qNAM1zpZ_22entities_data_handling12term_hashing5testss_32test_make_hash_binary_edge_cases
FNDA:1,_RNvNtNtCscP3qNAM1zpZ_22entities_data_handling12term_hashing5testss_32test_make_hash_nested_structures
FNDA:1,_RNvNtNtCscP3qNAM1zpZ_22entities_data_handling12term_hashing5testss_33test_internal_hash_big_edge_cases
FNDA:1,_RNvNtNtCscP3qNAM1zpZ_22entities_data_handling12term_hashing5testss_33test_internal_hash_fun_edge_cases
FNDA:1,_RNvNtNtCscP3qNAM1zpZ_22entities_data_handling12term_hashing5testss_33test_internal_hash_map_edge_cases
FNDA:1,_RNvNtNtCscP3qNAM1zpZ_22entities_data_handling12term_hashing5testss_33test_internal_hash_ref_edge_cases
FNDA:1,_RNvNtNtCscP3qNAM1zpZ_22entities_data_handling12term_hashing5testss_33test_make_hash2_map_comprehensive
FNDA:1,_RNvNtNtCscP3qNAM1zpZ_22entities_data_handling12term_hashing5testss_34test_make_hash2_list_comprehensive
FNDA:1,_RNvNtNtCscP3qNAM1zpZ_22entities_data_handling12term_hashing5testss_35test_internal_hash_binary_tail_bits
FNDA:1,_RNvNtNtCscP3qNAM1zpZ_22entities_data_handling12term_hashing5testss_35test_internal_hash_salted_all_types
FNDA:1,_RNvNtNtCscP3qNAM1zpZ_22entities_data_handling12term_hashing5testss_35test_internal_hash_tuple_edge_cases
FNDA:1,_RNvNtNtCscP3qNAM1zpZ_22entities_data_handling12term_hashing5testss_35test_make_hash2_tuple_comprehensive
FNDA:1,_RNvNtNtCscP3qNAM1zpZ_22entities_data_handling12term_hashing5testss_36test_internal_hash_binary_edge_cases
FNDA:1,_RNvNtNtCscP3qNAM1zpZ_22entities_data_handling12term_hashing5testss_37test_internal_hash_list_general_paths
FNDA:1,_RNvNtNtCscP3qNAM1zpZ_22entities_data_handling12term_hashing5testss_37test_internal_hash_list_non_byte_head
FNDA:1,_RNvNtNtCscP3qNAM1zpZ_22entities_data_handling12term_hashing5testss_38test_internal_hash_all_immediate_types
FNDA:1,_RNvNtNtCscP3qNAM1zpZ_22entities_data_handling12term_hashing5testss_39test_erts_dbg_hashmap_collision_bonanza
FNDA:1,_RNvNtNtCscP3qNAM1zpZ_22entities_data_handling12term_hashing5testss_39test_internal_hash_big_all_digit_counts
FNDA:1,_RNvNtNtCscP3qNAM1zpZ_22entities_data_handling12term_hashing5testss_42test_internal_hash_binary_all_switch_cases
FNDA:1,_RNvNtNtCscP3qNAM1zpZ_22entities_data_handling12term_hashing5testss_43test_internal_hash_list_string_optimization
FNDA:1,_RNvNtNtCscP3qNAM1zpZ_22entities_data_handling12term_hashing5testss_43test_make_hash_all_term_types_comprehensive
FNDA:1,_RNvNtNtCscP3qNAM1zpZ_22entities_data_handling12term_hashing5testss_44test_make_hash2_all_term_types_comprehensive
FNDA:1,_RNvNtNtCscP3qNAM1zpZ_22entities_data_handling12term_hashing5testss_45test_erts_dbg_hashmap_collision_bonanza_32bit
FNDA:1,_RNvNtNtCscP3qNAM1zpZ_22entities_data_handling12term_hashing5testss_45test_internal_hash_binary_all_remaining_bytes
FNDA:1,_RNvNtNtCscP3qNAM1zpZ_22entities_data_handling12term_hashing5testss_45test_internal_hash_fun_environment_edge_cases
FNDA:1,_RNvNtNtCscP3qNAM1zpZ_22entities_data_handling12term_hashing5testss_47test_internal_hash_binary_bit_aligned_all_cases
[...]
FNDA:0,_RNvMNtCsbq3kpSfn2NX_22usecases_io_operations8port_bifNtB2_7PortBif12port_close_1
FNDA:0,_RNvMNtCsbq3kpSfn2NX_22usecases_io_operations8port_bifNtB2_7PortBif14port_command_3
FNDA:0,_RNvMNtCsbq3kpSfn2NX_22usecases_io_operations8port_bifNtB2_7PortBif14port_connect_2
FNDA:0,_RNvMNtCsbq3kpSfn2NX_22usecases_io_operations8port_bifNtB2_7PortBif14port_control_3
FNDA:0,_RNvMNtCsbq3kpSfn2NX_22usecases_io_operations8port_bifNtB2_7PortBif14port_data_read
FNDA:0,_RNvMNtCsbq3kpSfn2NX_22usecases_io_operations8port_bifNtB2_7PortBif15decode_packet_3
FNDA:0,_RNvMNtCsbq3kpSfn2NX_22usecases_io_operations8port_bifNtB2_7PortBif15port_get_data_1
FNDA:0,_RNvMNtCsbq3kpSfn2NX_22usecases_io_operations8port_bifNtB2_7PortBif15port_set_data_2
FNDA:1,_RNvXs0_NtCsbq3kpSfn2NX_22usecases_io_operations8port_bifNtB5_13PacketOptionsNtNtCsksJIhyblnkX_4core7default7Default7default
FNDA:1,_RNvXs_NtCsbq3kpSfn2NX_22usecases_io_operations8port_bifNtB4_12PortSettingsNtNtCsksJIhyblnkX_4core7default7Default7default
FNDA:1,_RNvNtNtCs4NNtTemTFLW_22usecases_io_operations8port_bif5testss_14test_port_name
FNDA:1,_RNvNtNtCs4NNtTemTFLW_22usecases_io_operations8port_bif5testss_15test_port_error
FNDA:1,_RNvNtNtCs4NNtTemTFLW_22usecases_io_operations8port_bif5testss_20test_port_identifier
FNDA:1,_RNvNtNtCs4NNtTemTFLW_22usecases_io_operations8port_bif5testss_26test_port_settings_default
FNDA:1,_RNvNtNtCs4NNtTemTFLW_22usecases_io_operations8port_bif5testss_27test_packet_options_default
FNDA:1,_RNvXs0_NtCs4NNtTemTFLW_22usecases_io_operations8port_bifNtB5_13PacketOptionsNtNtCsksJIhyblnkX_4core7default7Default7default
FNDA:1,_RNvXs_NtCs4NNtTemTFLW_22usecases_io_operations8port_bifNtB4_12PortSettingsNtNtCsksJIhyblnkX_4core7default7Default7default
FNDA:0,_RNvMNtCs4NNtTemTFLW_22usecases_io_operations8port_bifNtB2_7PortBif11open_port_2
FNDA:0,_RNvMNtCs4NNtTemTFLW_22usecases_io_operations8port_bifNtB2_7PortBif11port_call_3
FNDA:0,_RNvMNtCs4NNtTemTFLW_22usecases_io_operations8port_bifNtB2_7PortBif11port_info_1
FNDA:0,_RNvMNtCs4NNtTemTFLW_22usecases_io_operations8port_bifNtB2_7PortBif11port_info_2
FNDA:0,_RNvMNtCs4NNtTemTFLW_22usecases_io_operations8port_bifNtB2_7PortBif12port_close_1
FNDA:0,_RNvMNtCs4NNtTemTFLW_22usecases_io_operations8port_bifNtB2_7PortBif14port_command_3
FNDA:0,_RNvMNtCs4NNtTemTFLW_22usecases_io_operations8port_bifNtB2_7PortBif14port_connect_2
FNDA:0,_RNvMNtCs4NNtTemTFLW_22usecases_io_operations8port_bifNtB2_7PortBif14port_control_3
FNDA:0,_RNvMNtCs4NNtTemTFLW_22usecases_io_operations8port_bifNtB2_7PortBif14port_data_read
FNDA:0,_RNvMNtCs4NNtTemTFLW_22usecases_io_operations8port_bifNtB2_7PortBif15decode_packet_3
FNDA:0,_RNvMNtCs4NNtTemTFLW_22usecases_io_operations8port_bifNtB2_7PortBif15port_get_data_1
FNDA:0,_RNvMNtCs4NNtTemTFLW_22usecases_io_operations8port_bifNtB2_7PortBif15port_set_data_2
FNF:19
FNH:7
DA:94,0
DA:95,0
DA:96,0
DA:97,0
DA:98,0
DA:102,0
DA:103,0
DA:122,0
DA:123,0
DA:124,0
DA:125,0
DA:126,0
DA:127,0
DA:131,0
DA:132,0
DA:147,0
DA:148,0
DA:149,0
DA:150,0
DA:151,0
DA:152,0
DA:154,0
DA:155,0
DA:170,0
DA:171,0
DA:172,0
DA:173,0
DA:174,0
DA:175,0
DA:177,0
DA:178,0
DA:191,0
DA:192,0
DA:193,0
DA:194,0
DA:196,0
DA:197,0
DA:211,0
DA:212,0
DA:213,0
DA:214,0
DA:215,0
DA:217,0
DA:218,0
DA:231,0
DA:232,0
DA:233,0
DA:234,0
DA:236,0
DA:237,0
DA:251,0
DA:252,0
DA:253,0
DA:254,0
DA:255,0
DA:257,0
DA:258,0
DA:272,0
DA:273,0
DA:274,0
DA:275,0
DA:276,0
DA:278,0
DA:279,0
DA:292,0
DA:293,0
DA:294,0
DA:295,0
DA:297,0
DA:298,0
DA:309,0
DA:311,0
DA:312,0
DA:327,0
DA:328,0
DA:329,0
DA:330,0
DA:331,0
DA:332,0
DA:334,0
DA:335,0
DA:402,2
DA:403,2
DA:404,2
DA:405,2
DA:406,2
DA:407,2
DA:408,2
DA:409,2
DA:410,2
DA:411,2
DA:412,2
DA:413,2
DA:414,2
DA:415,2
DA:416,2
DA:417,2
DA:418,2
DA:419,2
DA:420,2
DA:421,2
DA:422,2
DA:423,2
DA:566,2
DA:567,2
DA:568,2
DA:569,2
DA:570,2
DA:571,2
DA:572,2
DA:625,1
DA:626,1
DA:627,1
DA:628,1
DA:629,1
DA:630,1
DA:633,1
DA:634,1
DA:635,1
DA:637,1
DA:638,1
DA:639,1
DA:642,1
DA:643,1
DA:644,1
DA:645,1
DA:646,1
DA:647,1
DA:648,1
DA:649,1
DA:651,1
DA:652,1
DA:653,0
DA:656,1
DA:657,1
DA:658,1
DA:659,1
DA:661,0
DA:663,1
DA:666,1
DA:667,1
DA:668,1
DA:669,1
DA:670,1
DA:671,1
DA:674,1
DA:675,1
DA:676,1
DA:677,1
BRF:0
BRH:0
LF:149
LH:66
end_of_record
SF:/Volumes/Files_1/iron-beam/rust-conversion/rust/usecases/usecases_io_operations/src/port_control.rs
FN:40,_RNvMNtCsbq3kpSfn2NX_22usecases_io_operations12port_controlNtB2_13ControlDriver3new
FN:85,_RNvMNtCsbq3kpSfn2NX_22usecases_io_operations12port_controlNtB2_13ControlDriver4read
FN:74,_RNvMNtCsbq3kpSfn2NX_22usecases_io_operations12port_controlNtB2_13ControlDriver4stop
FN:55,_RNvMNtCsbq3kpSfn2NX_22usecases_io_operations12port_controlNtB2_13ControlDriver5start
FN:108,_RNvMNtCsbq3kpSfn2NX_22usecases_io_operations12port_controlNtB2_13ControlDriver7control
FN:164,_RNvXs_NtCsbq3kpSfn2NX_22usecases_io_operations12port_controlNtB4_13ControlDriverNtNtCsksJIhyblnkX_4core7default7Default7default
FN:40,_RNvMNtCs4NNtTemTFLW_22usecases_io_operations12port_controlNtB2_13ControlDriver3new
FN:85,_RNvMNtCs4NNtTemTFLW_22usecases_io_operations12port_controlNtB2_13ControlDriver4read
FN:74,_RNvMNtCs4NNtTemTFLW_22usecases_io_operations12port_controlNtB2_13ControlDriver4stop
FN:55,_RNvMNtCs4NNtTemTFLW_22usecases_io_operations12port_controlNtB2_13ControlDriver5start
FN:108,_RNvMNtCs4NNtTemTFLW_22usecases_io_operations12port_controlNtB2_13ControlDriver7control
FN:185,_RNvNtNtCs4NNtTemTFLW_22usecases_io_operations12port_control5testss_23test_control_driver_new
FN:192,_RNvNtNtCs4NNtTemTFLW_22usecases_io_operations12port_control5testss_30test_control_driver_start_stop
FN:243,_RNvNtNtCs4NNtTemTFLW_22usecases_io_operations12port_control5testss_32test_control_driver_control_busy
FN:222,_RNvNtNtCs4NNtTemTFLW_22usecases_io_operations12port_control5testss_32test_control_driver_control_echo
FN:253,_RNvNtNtCs4NNtTemTFLW_22usecases_io_operations12port_control5testss_34test_control_driver_control_output
FN:214,_RNvNtNtCs4NNtTemTFLW_22usecases_io_operations12port_control5testss_36test_control_driver_read_not_started
FN:232,_RNvNtNtCs4NNtTemTFLW_22usecases_io_operations12port_control5testss_38test_control_driver_control_large_echo
FN:284,_RNvNtNtCs4NNtTemTFLW_22usecases_io_operations12port_control5testss_39test_control_driver_control_not_started
FN:273,_RNvNtNtCs4NNtTemTFLW_22usecases_io_operations12port_control5testss_41test_control_driver_control_large_command
FN:263,_RNvNtNtCs4NNtTemTFLW_22usecases_io_operations12port_control5testss_47test_control_driver_control_invalid_single_byte
FN:164,_RNvXs_NtCs4NNtTemTFLW_22usecases_io_operations12port_controlNtB4_13ControlDriverNtNtCsksJIhyblnkX_4core7default7Default7default
FNDA:1,_RNvMNtCsbq3kpSfn2NX_22usecases_io_operations12port_controlNtB2_13ControlDriver3new
FNDA:0,_RNvMNtCsbq3kpSfn2NX_22usecases_io_operations12port_controlNtB2_13ControlDriver4read
FNDA:1,_RNvMNtCsbq3kpSfn2NX_22usecases_io_operations12port_controlNtB2_13ControlDriver4stop
FNDA:1,_RNvMNtCsbq3kpSfn2NX_22usecases_io_operations12port_controlNtB2_13ControlDriver5start
FNDA:1,_RNvMNtCsbq3kpSfn2NX_22usecases_io_operations12port_controlNtB2_13ControlDriver7control
FNDA:0,_RNvXs_NtCsbq3kpSfn2NX_22usecases_io_operations12port_controlNtB4_13ControlDriverNtNtCsksJIhyblnkX_4core7default7Default7default
FNDA:10,_RNvMNtCs4NNtTemTFLW_22usecases_io_operations12port_controlNtB2_13ControlDriver3new
FNDA:1,_RNvMNtCs4NNtTemTFLW_22usecases_io_operations12port_controlNtB2_13ControlDriver4read
FNDA:1,_RNvMNtCs4NNtTemTFLW_22usecases_io_operations12port_controlNtB2_13ControlDriver4stop
FNDA:9,_RNvMNtCs4NNtTemTFLW_22usecases_io_operations12port_controlNtB2_13ControlDriver5start
FNDA:7,_RNvMNtCs4NNtTemTFLW_22usecases_io_operations12port_controlNtB2_13ControlDriver7control
FNDA:1,_RNvNtNtCs4NNtTemTFLW_22usecases_io_operations12port_control5testss_23test_control_driver_new
FNDA:1,_RNvNtNtCs4NNtTemTFLW_22usecases_io_operations12port_control5testss_30test_control_driver_start_stop
FNDA:1,_RNvNtNtCs4NNtTemTFLW_22usecases_io_operations12port_control5testss_32test_control_driver_control_busy
FNDA:1,_RNvNtNtCs4NNtTemTFLW_22usecases_io_operations12port_control5testss_32test_control_driver_control_echo
FNDA:1,_RNvNtNtCs4NNtTemTFLW_22usecases_io_operations12port_control5testss_34test_control_driver_control_output
FNDA:1,_RNvNtNtCs4NNtTemTFLW_22usecases_io_operations12port_control5testss_36test_control_driver_read_not_started
FNDA:1,_RNvNtNtCs4NNtTemTFLW_22usecases_io_operations12port_control5testss_38test_control_driver_control_large_echo
FNDA:1,_RNvNtNtCs4NNtTemTFLW_22usecases_io_operations12port_control5testss_39test_control_driver_control_not_started
FNDA:1,_RNvNtNtCs4NNtTemTFLW_22usecases_io_operations12port_control5testss_41test_control_driver_control_large_command
FNDA:1,_RNvNtNtCs4NNtTemTFLW_22usecases_io_operations12port_control5testss_47test_control_driver_control_invalid_single_byte
FNDA:0,_RNvXs_NtCs4NNtTemTFLW_22usecases_io_operations12port_controlNtB4_13ControlDriverNtNtCsksJIhyblnkX_4core7default7Default7default
FNF:16
FNH:15
DA:40,11
DA:41,11
DA:42,11
DA:43,11
DA:44,11
DA:55,10
DA:56,10
DA:57,10
DA:58,10
DA:59,10
DA:60,10
DA:61,10
DA:62,10
DA:63,9
DA:64,1
DA:66,10
DA:74,2
DA:75,2
DA:76,2
DA:85,1
DA:86,1
DA:87,1
DA:88,1
DA:89,0
DA:93,0
DA:94,1
DA:108,8
DA:109,8
DA:110,8
DA:111,8
DA:112,8
DA:113,8
DA:114,8
DA:115,8
DA:116,8
DA:117,1
DA:118,7
DA:120,7
DA:123,3
DA:125,1
DA:128,2
DA:129,2
DA:130,2
DA:135,1
DA:136,1
DA:137,1
DA:138,1
DA:139,1
DA:144,1
DA:147,2
DA:148,1
DA:151,1
DA:152,1
DA:153,1
DA:154,1
DA:155,1
DA:156,1
DA:160,8
DA:164,0
DA:165,0
DA:166,0
DA:185,1
DA:186,1
DA:187,1
DA:188,1
DA:189,1
DA:192,1
DA:193,1
DA:196,1
DA:197,1
DA:198,1
DA:201,1
DA:202,1
DA:203,1
DA:206,1
DA:209,1
DA:210,1
DA:211,1
DA:214,1
DA:215,1
DA:216,1
DA:217,1
DA:218,1
DA:219,1
DA:222,1
DA:223,1
DA:224,1
DA:226,1
DA:227,1
DA:228,1
DA:229,1
DA:232,1
DA:233,1
DA:234,1
DA:236,1
DA:237,1
DA:238,1
DA:239,1
DA:240,1
DA:243,1
DA:244,1
DA:245,1
DA:247,1
DA:248,1
DA:249,1
DA:250,1
DA:253,1
DA:254,1
DA:255,1
DA:257,1
DA:258,1
DA:259,1
DA:260,1
DA:263,1
DA:264,1
DA:265,1
DA:267,1
DA:268,1
DA:269,1
DA:270,1
DA:273,1
DA:274,1
DA:275,1
DA:277,1
DA:278,1
DA:279,1
DA:280,1
DA:281,1
DA:284,1
DA:285,1
DA:286,1
DA:287,1
DA:288,1
DA:289,1
BRF:0
BRH:0
LF:134
LH:129
end_of_record
SF:/Volumes/Files_1/iron-beam/rust-conversion/rust/usecases/usecases_memory_management/src/afit.rs
FN:11,_RNvMNtCs9nYi58spymo_26usecases_memory_management4afitNtB2_13AFitAllocator3new
FN:17,_RNvXs_NtCs9nYi58spymo_26usecases_memory_management4afitNtB4_13AFitAllocatorNtNtB6_9allocator9Allocator5alloc
FN:26,_RNvXs_NtCs9nYi58spymo_26usecases_memory_management4afitNtB4_13AFitAllocatorNtNtB6_9allocator9Allocator7dealloc
FN:22,_RNvXs_NtCs9nYi58spymo_26usecases_memory_management4afitNtB4_13AFitAllocatorNtNtB6_9allocator9Allocator7realloc
FNDA:0,_RNvMNtCs9nYi58spymo_26usecases_memory_management4afitNtB2_13AFitAllocator3new
FNDA:0,_RNvXs_NtCs9nYi58spymo_26usecases_memory_management4afitNtB4_13AFitAllocatorNtNtB6_9allocator9Allocator5alloc
FNDA:0,_RNvXs_NtCs9nYi58spymo_26usecases_memory_management4afitNtB4_13AFitAllocatorNtNtB6_9allocator9Allocator7dealloc
FNDA:0,_RNvXs_NtCs9nYi58spymo_26usecases_memory_management4afitNtB4_13AFitAllocatorNtNtB6_9allocator9Allocator7realloc
FNF:4
FNH:0
DA:11,0
DA:12,0
DA:13,0
DA:17,0
DA:19,0
DA:20,0
DA:22,0
DA:23,0
DA:24,0
DA:26,0
DA:27,0
DA:28,0
BRF:0
BRH:0
LF:12
LH:0
end_of_record
SF:/Volumes/Files_1/iron-beam/rust-conversion/rust/usecases/usecases_memory_management/src/allocator.rs
FN:65,_RNvXNtCs9nYi58spymo_26usecases_memory_management9allocatorNtB2_16DefaultAllocatorNtB2_9Allocator5alloc
FN:98,_RNvXNtCs9nYi58spymo_26usecases_memory_management9allocatorNtB2_16DefaultAllocatorNtB2_9Allocator7dealloc
FN:81,_RNvXNtCs9nYi58spymo_26usecases_memory_management9allocatorNtB2_16DefaultAllocatorNtB2_9Allocator7realloc
FN:121,_RNvNtNtCs9nYi58spymo_26usecases_memory_management9allocator5testss_12test_realloc
FN:113,_RNvNtNtCs9nYi58spymo_26usecases_memory_management9allocator5testss_22test_default_allocator
FNDA:3,_RNvXNtCs9nYi58spymo_26usecases_memory_management9allocatorNtB2_16DefaultAllocatorNtB2_9Allocator5alloc
FNDA:3,_RNvXNtCs9nYi58spymo_26usecases_memory_management9allocatorNtB2_16DefaultAllocatorNtB2_9Allocator7dealloc
FNDA:1,_RNvXNtCs9nYi58spymo_26usecases_memory_management9allocatorNtB2_16DefaultAllocatorNtB2_9Allocator7realloc
FNDA:1,_RNvNtNtCs9nYi58spymo_26usecases_memory_management9allocator5testss_12test_realloc
FNDA:1,_RNvNtNtCs9nYi58spymo_26usecases_memory_management9allocator5testss_22test_default_allocator
FNF:5
FNH:5
DA:65,3
DA:66,3
DA:67,0
DA:68,3
DA:69,3
DA:70,3
DA:72,3
DA:73,3
DA:74,0
DA:76,3
DA:79,3
DA:81,1
DA:82,1
DA:83,0
DA:84,0
DA:85,1
DA:86,1
DA:87,1
DA:89,1
DA:90,1
DA:91,0
DA:93,1
DA:96,1
DA:98,3
DA:99,3
DA:100,3
DA:101,3
DA:102,3
DA:103,3
DA:104,0
DA:105,3
DA:113,1
DA:114,1
DA:115,1
DA:116,1
DA:117,1
DA:118,1
DA:121,1
DA:122,1
DA:123,1
DA:124,1
DA:125,1
DA:126,1
DA:127,1
BRF:0
BRH:0
LF:44
LH:38
end_of_record
SF:/Volumes/Files_1/iron-beam/rust-conversion/rust/usecases/usecases_memory_management/src/bestfit.rs
FN:11,_RNvMNtCs9nYi58spymo_26usecases_memory_management7bestfitNtB2_16BestFitAllocator3new
FN:17,_RNvXs_NtCs9nYi58spymo_26usecases_memory_management7bestfitNtB4_16BestFitAllocatorNtNtB6_9allocator9Allocator5alloc
FN:26,_RNvXs_NtCs9nYi58spymo_26usecases_memory_management7bestfitNtB4_16BestFitAllocatorNtNtB6_9allocator9Allocator7dealloc
FN:22,_RNvXs_NtCs9nYi58spymo_26usecases_memory_management7bestfitNtB4_16BestFitAllocatorNtNtB6_9allocator9Allocator7realloc
FNDA:0,_RNvMNtCs9nYi58spymo_26usecases_memory_management7bestfitNtB2_16BestFitAllocator3new
FNDA:0,_RNvXs_NtCs9nYi58spymo_26usecases_memory_management7bestfitNtB4_16BestFitAllocatorNtNtB6_9allocator9Allocator5alloc
FNDA:0,_RNvXs_NtCs9nYi58spymo_26usecases_memory_management7bestfitNtB4_16BestFitAllocatorNtNtB6_9allocator9Allocator7dealloc
FNDA:0,_RNvXs_NtCs9nYi58spymo_26usecases_memory_management7bestfitNtB4_16BestFitAllocatorNtNtB6_9allocator9Allocator7realloc
FNF:4
FNH:0
DA:11,0
DA:12,0
DA:13,0
DA:17,0
DA:19,0
DA:20,0
DA:22,0
DA:23,0
DA:24,0
DA:26,0
DA:27,0
DA:28,0
BRF:0
BRH:0
LF:12
LH:0
end_of_record
SF:/Volumes/Files_1/iron-beam/rust-conversion/rust/usecases/usecases_memory_management/src/firstfit.rs
FN:11,_RNvMNtCs9nYi58spymo_26usecases_memory_management8firstfitNtB2_17FirstFitAllocator3new
FN:17,_RNvXs_NtCs9nYi58spymo_26usecases_memory_management8firstfitNtB4_17FirstFitAllocatorNtNtB6_9allocator9Allocator5alloc
FN:26,_RNvXs_NtCs9nYi58spymo_26usecases_memory_management8firstfitNtB4_17FirstFitAllocatorNtNtB6_9allocator9Allocator7dealloc
FN:22,_RNvXs_NtCs9nYi58spymo_26usecases_memory_management8firstfitNtB4_17FirstFitAllocatorNtNtB6_9allocator9Allocator7realloc
FNDA:0,_RNvMNtCs9nYi58spymo_26usecases_memory_management8firstfitNtB2_17FirstFitAllocator3new
FNDA:0,_RNvXs_NtCs9nYi58spymo_26usecases_memory_management8firstfitNtB4_17FirstFitAllocatorNtNtB6_9allocator9Allocator5alloc
FNDA:0,_RNvXs_NtCs9nYi58spymo_26usecases_memory_management8firstfitNtB4_17FirstFitAllocatorNtNtB6_9allocator9Allocator7dealloc
FNDA:0,_RNvXs_NtCs9nYi58spymo_26usecases_memory_management8firstfitNtB4_17FirstFitAllocatorNtNtB6_9allocator9Allocator7realloc
FNF:4
FNH:0
DA:11,0
DA:12,0
DA:13,0
DA:17,0
DA:19,0
DA:20,0
DA:22,0
DA:23,0
DA:24,0
DA:26,0
DA:27,0
DA:28,0
BRF:0
BRH:0
LF:12
LH:0
end_of_record
SF:/Volumes/Files_1/iron-beam/rust-conversion/rust/usecases/usecases_memory_management/src/goodfit.rs
FN:43,_RNvNtNtCs9nYi58spymo_26usecases_memory_management7goodfit5testss_22test_goodfit_allocator
FN:15,_RNvMNtCs9nYi58spymo_26usecases_memory_management7goodfitNtB2_16GoodFitAllocator3new
FN:21,_RNvXs_NtCs9nYi58spymo_26usecases_memory_management7goodfitNtB4_16GoodFitAllocatorNtNtB6_9allocator9Allocator5alloc
FN:32,_RNvXs_NtCs9nYi58spymo_26usecases_memory_management7goodfitNtB4_16GoodFitAllocatorNtNtB6_9allocator9Allocator7dealloc
FN:27,_RNvXs_NtCs9nYi58spymo_26usecases_memory_management7goodfitNtB4_16GoodFitAllocatorNtNtB6_9allocator9Allocator7realloc
FNDA:1,_RNvNtNtCs9nYi58spymo_26usecases_memory_management7goodfit5testss_22test_goodfit_allocator
FNDA:1,_RNvMNtCs9nYi58spymo_26usecases_memory_management7goodfitNtB2_16GoodFitAllocator3new
FNDA:1,_RNvXs_NtCs9nYi58spymo_26usecases_memory_management7goodfitNtB4_16GoodFitAllocatorNtNtB6_9allocator9Allocator5alloc
FNDA:1,_RNvXs_NtCs9nYi58spymo_26usecases_memory_management7goodfitNtB4_16GoodFitAllocatorNtNtB6_9allocator9Allocator7dealloc
FNDA:0,_RNvXs_NtCs9nYi58spymo_26usecases_memory_management7goodfitNtB4_16GoodFitAllocatorNtNtB6_9allocator9Allocator7realloc
FNF:5
FNH:4
DA:15,1
DA:16,1
DA:17,1
DA:21,1
DA:24,1
DA:25,1
DA:27,0
DA:29,0
DA:30,0
DA:32,1
DA:34,1
DA:35,1
DA:43,1
DA:44,1
DA:45,1
DA:46,1
DA:47,1
DA:48,1
BRF:0
BRH:0
LF:18
LH:15
end_of_record
SF:/Volumes/Files_1/iron-beam/rust-conversion/rust/usecases/usecases_process_management/src/process_dict.rs
FN:27,_RNvMNtCsdq1roeWRTE7_27usecases_process_management12process_dictNtB2_11ProcessDict3get
FN:15,_RNvMNtCsdq1roeWRTE7_27usecases_process_management12process_dictNtB2_11ProcessDict3new
FN:22,_RNvMNtCsdq1roeWRTE7_27usecases_process_management12process_dictNtB2_11ProcessDict3put
FN:37,_RNvNtNtCsdq1roeWRTE7_27usecases_process_management12process_dict5testss_17test_process_dict
FNDA:1,_RNvMNtCsdq1roeWRTE7_27usecases_process_management12process_dictNtB2_11ProcessDict3get
FNDA:1,_RNvMNtCsdq1roeWRTE7_27usecases_process_management12process_dictNtB2_11ProcessDict3new
FNDA:1,_RNvMNtCsdq1roeWRTE7_27usecases_process_management12process_dictNtB2_11ProcessDict3put
FNDA:1,_RNvNtNtCsdq1roeWRTE7_27usecases_process_management12process_dict5testss_17test_process_dict
FNF:4
FNH:4
DA:15,1
DA:16,1
DA:17,1
DA:18,1
DA:19,1
DA:22,1
DA:23,1
DA:24,1
DA:27,1
DA:28,1
DA:29,1
DA:37,1
DA:38,1
DA:39,1
DA:40,1
DA:41,1
BRF:0
BRH:0
LF:16
LH:16
end_of_record
SF:/Volumes/Files_1/iron-beam/rust-conversion/rust/usecases/usecases_process_management/src/process_dump.rs
FN:22,_RNvNtNtCsdq1roeWRTE7_27usecases_process_management12process_dump5testss_17test_process_dump
FN:11,_RNvMNtCsdq1roeWRTE7_27usecases_process_management12process_dumpNtB2_11ProcessDump4dump
FNDA:1,_RNvNtNtCsdq1roeWRTE7_27usecases_process_management12process_dump5testss_17test_process_dump
FNDA:1,_RNvMNtCsdq1roeWRTE7_27usecases_process_management12process_dumpNtB2_11ProcessDump4dump
FNF:2
FNH:2
DA:11,1
DA:13,1
DA:14,1
DA:22,1
DA:23,1
DA:24,1
DA:25,1
BRF:0
BRH:0
LF:7
LH:7
end_of_record
SF:/Volumes/Files_1/iron-beam/rust-conversion/rust/usecases/usecases_process_management/src/process_lock.rs
FN:74,_RNvNtNtCsdq1roeWRTE7_27usecases_process_management12process_lock5testss_17test_process_lock
FN:22,_RNvMNtCsdq1roeWRTE7_27usecases_process_management12process_lockNtB2_11ProcessLock3new
FN:34,_RNvMNtCsdq1roeWRTE7_27usecases_process_management12process_lockNtB2_11ProcessLock7acquire
FN:60,_RNvMNtCsdq1roeWRTE7_27usecases_process_management12process_lockNtB2_11ProcessLock7release
FN:38,_RNCNvMNtCsdq1roeWRTE7_27usecases_process_management12process_lockNtB4_11ProcessLock7acquire0B6_
FN:50,_RNCNvMNtCsdq1roeWRTE7_27usecases_process_management12process_lockNtB4_11ProcessLock7acquires_0B6_
FNDA:1,_RNvNtNtCsdq1roeWRTE7_27usecases_process_management12process_lock5testss_17test_process_lock
FNDA:1,_RNvMNtCsdq1roeWRTE7_27usecases_process_management12process_lockNtB2_11ProcessLock3new
FNDA:1,_RNvMNtCsdq1roeWRTE7_27usecases_process_management12process_lockNtB2_11ProcessLock7acquire
FNDA:1,_RNvMNtCsdq1roeWRTE7_27usecases_process_management12process_lockNtB2_11ProcessLock7release
FNDA:1,_RNCNvMNtCsdq1roeWRTE7_27usecases_process_management12process_lockNtB4_11ProcessLock7acquire0B6_
FNDA:0,_RNCNvMNtCsdq1roeWRTE7_27usecases_process_management12process_lockNtB4_11ProcessLock7acquires_0B6_
FNF:6
FNH:5
DA:22,1
DA:23,1
DA:24,1
DA:25,1
DA:26,1
DA:27,1
DA:34,1
DA:35,1
DA:36,1
DA:38,1
DA:39,1
DA:41,1
DA:43,0
DA:45,0
DA:46,0
DA:47,0
DA:48,0
DA:50,0
DA:51,1
DA:53,1
DA:54,1
DA:60,1
DA:61,1
DA:62,1
DA:63,1
DA:64,1
DA:65,1
DA:66,1
DA:74,1
DA:75,1
DA:76,1
DA:77,1
DA:78,1
BRF:0
BRH:0
LF:34
LH:27
end_of_record